[2015.05.25-20.55.33:417][  0]Log file open, 05/25/15 22:55:33
[2015.05.25-20.55.33:417][  0]LogInit:Display: Running engine for game: Soulglitch
[2015.05.25-20.55.33:417][  0]LogInit:Display: RandInit(-668814060) SRandInit(-668814060).
[2015.05.25-20.55.33:417][  0]LogTaskGraph: Started task graph with 4 named threads and 7 total threads.
[2015.05.25-20.55.33:417][  0]LogStats: Stats thread started
[2015.05.25-20.55.33:417][  0]LogInit: Version: 4.8.0-2554075+++depot+UE4-Releases+4.8
[2015.05.25-20.55.33:417][  0]LogInit: API Version: 2554075
[2015.05.25-20.55.33:417][  0]LogInit: Compiled (64-bit): May 16 2015 12:18:55
[2015.05.25-20.55.33:417][  0]LogInit: Compiled with Visual C++: 18.00.21005.01
[2015.05.25-20.55.33:417][  0]LogInit: Build Configuration: Development
[2015.05.25-20.55.33:417][  0]LogInit: Branch Name: ++depot+UE4-Releases+4.8
[2015.05.25-20.55.33:417][  0]LogInit: Command line:  
[2015.05.25-20.55.33:417][  0]LogInit: Base directory: D:/Programme/Unreal/Epic Games/4.8/Engine/Binaries/Win64/
[2015.05.25-20.55.33:425][  0]LogInit: Using libcurl 7.41.0
[2015.05.25-20.55.33:425][  0]LogInit:  - built for x86_64-pc-win32
[2015.05.25-20.55.33:425][  0]LogInit:  - supports SSL with WinSSL
[2015.05.25-20.55.33:425][  0]LogInit:  - other features:
[2015.05.25-20.55.33:425][  0]LogInit:      CURL_VERSION_SSL
[2015.05.25-20.55.33:425][  0]LogInit:      CURL_VERSION_IPV6
[2015.05.25-20.55.33:425][  0]LogInit:      CURL_VERSION_ASYNCHDNS
[2015.05.25-20.55.33:425][  0]LogInit:      CURL_VERSION_LARGEFILE
[2015.05.25-20.55.33:425][  0]LogInit:      CURL_VERSION_IDN
[2015.05.25-20.55.33:425][  0]LogInit:  CurlRequestOptions (configurable via config and command line):
[2015.05.25-20.55.33:425][  0]LogInit:  - bVerifyPeer = true  - Libcurl will verify peer certificate
[2015.05.25-20.55.33:425][  0]LogInit:  - bUseHttpProxy = false  - Libcurl will NOT use HTTP proxy
[2015.05.25-20.55.33:425][  0]LogInit:  - bDontReuseConnections = false  - Libcurl will reuse connections
[2015.05.25-20.55.33:425][  0]LogInit:  - CertBundlePath = nullptr  - Libcurl will use whatever was configured at build time.
[2015.05.25-20.55.33:431][  0]LogOnline:Warning: No default platform service specified for OnlineSubsystem
[2015.05.25-20.55.33:439][  0]LogInit: Presizing for 0 objects not considered by GC, pre-allocating 0 bytes.
[2015.05.25-20.55.33:444][  0]LogInit: Object subsystem initialized
[2015.05.25-20.55.33:444][  0]LogConsoleResponse:Warning: Skipping Unknown console variable: 'TranslucentSortAxis = (X=0.000000,Y=-1.000000,Z=0.000000)'
[2015.05.25-20.55.33:444][  0]LogConsoleResponse:Warning:   Found in ini file 'D:/Studium/3DProjekt/3DGame/3DGame/Soulglitch/Saved/Config/Windows/Engine.ini', in section '[/Script/Engine.RendererSettings]'
[2015.05.25-20.55.33:444][  0]LogConsoleResponse:Warning: Skipping Unknown console variable: 'UIScaleRule = ShortestSide'
[2015.05.25-20.55.33:444][  0]LogConsoleResponse:Warning:   Found in ini file 'D:/Studium/3DProjekt/3DGame/3DGame/Soulglitch/Saved/Config/Windows/Engine.ini', in section '[/Script/Engine.RendererSettings]'
[2015.05.25-20.55.33:444][  0]LogConsoleResponse:Warning: Skipping Unknown console variable: 'UIScaleCurve = (EditorCurveData=(Keys=),ExternalCurve=None)'
[2015.05.25-20.55.33:444][  0]LogConsoleResponse:Warning:   Found in ini file 'D:/Studium/3DProjekt/3DGame/3DGame/Soulglitch/Saved/Config/Windows/Engine.ini', in section '[/Script/Engine.RendererSettings]'
[2015.05.25-20.55.33:445][  0]LogInit: Selected Device Profile: [Windows]
[2015.05.25-20.55.33:445][  0]LogInit: Applying CVar settings loaded from the selected device profile: [Windows]
[2015.05.25-20.55.33:449][  0]LogInit: Computer: SURALYA
[2015.05.25-20.55.33:449][  0]LogInit: User: TinaPlavius
[2015.05.25-20.55.33:449][  0]LogInit: CPU Page size=4096, Cores=4
[2015.05.25-20.55.33:449][  0]LogInit: High frequency timer resolution =3.906279 MHz
[2015.05.25-20.55.33:450][  0]LogMemory: Memory total: Physical=15.9GB (16GB approx)
[2015.05.25-20.55.33:450][  0]LogMemory: Platform Memory Stats for Windows
[2015.05.25-20.55.33:450][  0]LogMemory: Process Physical Memory: 51.08 MB used, 51.08 MB peak
[2015.05.25-20.55.33:450][  0]LogMemory: Process Virtual Memory: 24.25 MB used, 24.25 MB peak
[2015.05.25-20.55.33:450][  0]LogMemory: Physical Memory: 3821.81 MB used, 16310.92 MB total
[2015.05.25-20.55.33:450][  0]LogMemory: Virtual Memory: 283.71 MB used, 8388608.00 MB total
[2015.05.25-20.55.33:476][  0]LogTextLocalizationManager: The requested culture ('de_DE') has no localization data; falling back to 'en' for localization and internationalization data.
[2015.05.25-20.55.33:631][  0]LogTextLocalizationManager:Warning: Loaded localization resources contain conflicting entries for (Namespace:ContentBrowser, Key:ImportAssetToolTip):
Localization Resource: (D:/Programme/Unreal/Epic Games/4.8/Engine/Content/Localization/Editor/en/Editor.locres) Source String Hash: (-630476809) Localized String: (Import to {0}...)
Localization Resource: (D:/Programme/Unreal/Epic Games/4.8/Engine/Content/Localization/Editor/en/Editor.locres) Source String Hash: (1271782899) Localized String: (Imports an asset from file to this folder.)
[2015.05.25-20.55.33:943][  0]LogD3D11RHI: Found D3D11 adapter 0: NVIDIA GeForce GTX 970 (Feature Level 11_0)
[2015.05.25-20.55.33:943][  0]LogD3D11RHI: Adapter has 3906MB of dedicated video memory, 0MB of dedicated system memory, and 7899MB of shared system memory, 2 output[s]
[2015.05.25-20.55.33:943][  0]LogD3D11RHI: Chosen D3D11 Adapter Id = 0
[2015.05.25-20.55.33:946][  0]LogRHI: Texture pool is 1361 MB (70% of 1945 MB)
[2015.05.25-20.55.33:951][  0]LogD3D11RHI: Async texture creation enabled
[2015.05.25-20.55.33:963][  0]LogShaderCompilers:Display: Using Local Shader Compiler.
[2015.05.25-20.55.34:506][  0]LogTemp:Display: Loaded TP DesktopTargetPlatform
[2015.05.25-20.55.34:515][  0]LogTemp:Display: Loaded TP WindowsClientTargetPlatform
[2015.05.25-20.55.34:523][  0]LogTemp:Display: Loaded TP WindowsNoEditorTargetPlatform
[2015.05.25-20.55.34:532][  0]LogTemp:Display: Loaded TP WindowsServerTargetPlatform
[2015.05.25-20.55.34:541][  0]LogTemp:Display: Loaded TP WindowsTargetPlatform
[2015.05.25-20.55.34:548][  0]LogTemp:Display: Loaded TP AndroidTargetPlatform
[2015.05.25-20.55.34:555][  0]LogTemp:Display: Loaded TP Android_ASTCTargetPlatform
[2015.05.25-20.55.34:563][  0]LogTemp:Display: Loaded TP Android_ATCTargetPlatform
[2015.05.25-20.55.34:570][  0]LogTemp:Display: Loaded TP Android_DXTTargetPlatform
[2015.05.25-20.55.34:577][  0]LogTemp:Display: Loaded TP Android_ETC1TargetPlatform
[2015.05.25-20.55.34:585][  0]LogTemp:Display: Loaded TP Android_ETC2TargetPlatform
[2015.05.25-20.55.34:592][  0]LogTemp:Display: Loaded TP Android_PVRTCTargetPlatform
[2015.05.25-20.55.34:625][  0]LogTemp:Display: Loaded TP IOSTargetPlatform
[2015.05.25-20.55.34:632][  0]LogTemp:Display: Loaded TP LinuxNoEditorTargetPlatform
[2015.05.25-20.55.34:639][  0]LogTemp:Display: Loaded TP LinuxServerTargetPlatform
[2015.05.25-20.55.34:648][  0]LogTemp:Display: Loaded TP LinuxTargetPlatform
[2015.05.25-20.55.34:648][  0]LogTargetPlatformManager:Display: Building Assets For Windows
[2015.05.25-20.55.34:769][  0]LogDerivedDataCache:Display: Max Cache Size: 512 MB
[2015.05.25-20.55.34:803][  0]LogDerivedDataCache: Loaded boot cache 0.03s 52MB C:/Users/Tina Plavius/AppData/Local/UnrealEngine/4.8/DerivedDataCache/Boot.ddc.
[2015.05.25-20.55.34:803][  0]LogDerivedDataCache:Display: Loaded Boot cache: C:/Users/Tina Plavius/AppData/Local/UnrealEngine/4.8/DerivedDataCache/Boot.ddc
[2015.05.25-20.55.34:803][  0]LogDerivedDataCache: FDerivedDataBackendGraph:  Pak pak cache file ../../../../../../../Studium/3DProjekt/3DGame/3DGame/Soulglitch/DerivedDataCache/DDC.ddp not found, will not use a pak cache.
[2015.05.25-20.55.34:803][  0]LogDerivedDataCache: Unable to find inner node Pak for hierarchical cache Hierarchy.
[2015.05.25-20.55.34:803][  0]LogDerivedDataCache: FDerivedDataBackendGraph:  CompressedPak pak cache file ../../../../../../../Studium/3DProjekt/3DGame/3DGame/Soulglitch/DerivedDataCache/Compressed.ddp not found, will not use a pak cache.
[2015.05.25-20.55.34:803][  0]LogDerivedDataCache: Unable to find inner node CompressedPak for hierarchical cache Hierarchy.
[2015.05.25-20.55.34:896][  0]LogDerivedDataCache:Display: Pak cache opened for reading ../../../Engine/DerivedDataCache/Compressed.ddp.
[2015.05.25-20.55.34:907][  0]LogDerivedDataCache: Using Local data cache path C:/Users/Tina Plavius/AppData/Local/UnrealEngine/Common/DerivedDataCache: Writable
[2015.05.25-20.55.35:029][  0]LogInit: Selected Device Profile: [Windows]
[2015.05.25-20.55.35:035][  0]ImportText (ComponentSweepMultiTests): Missing closing parenthesis: (RootShapeAsset="/Engine/BasicShapes/Cube.Cube",ShapeType="TriggerCapsule",HitResult=(Time=0.50,Location=(X=-100.000015,Y=0.0,Z=100.000015),ImpactPoint=(X=-50.0,Y=0.0,Z=50.0),Normal=(X=-1.0,Y=-0.0,Z=0.0),ImpactNormal=(X=0.0,Y=0.0,Z=1.0),TraceStart=(X=-200.0,Y=0.0,Z=200.0),TraceEnd=(X=0.0,Y=0.0,Z=0.0))
[2015.05.25-20.55.35:035][  0]ImportText (LineTraceSingleByChannelTests): Missing closing parenthesis: (RootShapeAsset="/Engine/BasicShapes/Cube.Cube",HitResult=(Time=0.50,Location=(X=-100.000015,Y=0.0,Z=100.000015),ImpactPoint=(X=-50.0,Y=0.0,Z=50.0),Normal=(X=-1.0,Y=-0.0,Z=0.0),ImpactNormal=(X=0.0,Y=0.0,Z=1.0),TraceStart=(X=-200.0,Y=0.0,Z=200.0),TraceEnd=(X=0.0,Y=0.0,Z=0.0))
[2015.05.25-20.55.35:051][  0]LogMeshUtilities: No automatic mesh reduction module available
[2015.05.25-20.55.35:052][  0]LogMeshUtilities: No automatic mesh merging module available
[2015.05.25-20.55.35:329][  0]LogInit: WinSock: version 1.1 (2.2), MaxSocks=32767, MaxUdp=65467
[2015.05.25-20.55.35:920][  0]UdpMessaging: Initializing bridge on interface 0.0.0.0:0 to multicast group 230.0.0.1:6666.
[2015.05.25-20.55.36:111][  0]SourceControl: Info Source control is disabled
[2015.05.25-20.55.36:116][  0]SourceControl: Info Source control is disabled
[2015.05.25-20.55.36:122][  0]SourceControl: Info Source control is disabled
[2015.05.25-20.55.36:127][  0]SourceControl: Info Source control is disabled
[2015.05.25-20.55.36:281][  0]LogObj: 26119 objects as part of root set at end of initial load.
[2015.05.25-20.55.36:281][  0]LogUObjectAllocator: 5327488 out of 0 bytes used by permanent object pool.
[2015.05.25-20.55.36:328][  0]LogEngine: Initializing Engine...
[2015.05.25-20.55.36:329][  0]LogHMD: Can't find Oculus library dev build: is proper Runtime installed? Version: 0.6.0.0
[2015.05.25-20.55.36:330][  0]LogHMD:Warning: SteamVR failed to initialize.  Error: 109
[2015.05.25-20.55.36:421][  0]LogAIModule: Creating AISystem for world NewWorld
[2015.05.25-20.55.36:427][  0]LogInit: XAudio2 using 'Lautsprecher (Realtek High Definition Audio)' : 2 channels at 48 kHz using 32 bits per sample (channel mask 0x3)
[2015.05.25-20.55.36:434][  0]LogInit: FAudioDevice initialized.
[2015.05.25-20.55.36:456][  0]LogDerivedDataCache: Saved boot cache 0.02s 52MB C:/Users/Tina Plavius/AppData/Local/UnrealEngine/4.8/DerivedDataCache/Boot.ddc.
[2015.05.25-20.55.36:458][  0]LogInit: Texture streaming: Disabled
[2015.05.25-20.55.36:497][  0]LogAnalytics: Creating configured Analytics provider AnalyticsET
[2015.05.25-20.55.36:497][  0]LogAnalytics: [UEEditor.Rocket.Release] APIServer = http://et2.epicgames.com/ET2/. AppVersion = 4.8.0-2554075+++depot+UE4-Releases+4.8
[2015.05.25-20.55.36:497][  0]LogAnalytics: [UEEditor.Rocket.Release] SetUserId 4c93af1c4753a41a15a194aecff4b726|af2bf208dcdd4c00aeb2c32150495343|60aec012-d062-4fd2-bf5c-42dcf3918f53
[2015.05.25-20.55.36:497][  0]LogAnalytics: [UEEditor.Rocket.Release] AnalyticsET::StartSession
[2015.05.25-20.55.36:511][  0]LogInit: Transaction tracking system initialized
[2015.05.25-20.55.36:608][  0]BlueprintLog: New page: Editor Load
[2015.05.25-20.55.36:632][  0]LogAssetRegistry: FAssetRegistry took 0.0097 seconds to start up
[2015.05.25-20.55.36:632][  0]LogDirectoryWatcher:Warning: Failed to begin reading directory changes for ../../../Engine/Plugins/Experimental/CharacterAI/Content/. Error: 0
[2015.05.25-20.55.36:973][  0]LogConsoleManager:Warning: Console variable 'r.VSync' wasn't set ('GameSetting' has a lower priority than 'SystemSettingsIni')
[2015.05.25-20.55.36:973][  0]LogConsoleResponse:Display: 
[2015.05.25-20.55.37:031][  0]LogCook:Display: Done creating registry. It took  0.00s.
[2015.05.25-20.55.37:126][  0]SourceControl: Info Source control is disabled
[2015.05.25-20.55.37:126][  0]Cmd: MAP LOAD FILE="../../../../../../../Studium/3DProjekt/3DGame/3DGame/Soulglitch/Content/TopDownBP/Maps/TopDownExampleMap.umap" TEMPLATE=0 SHOWPROGRESS=1 FEATURELEVEL=3
[2015.05.25-20.55.37:127][  0]LightingResults: New page: Lighting Build
[2015.05.25-20.55.37:134][  0]MapCheck: New page: Map Check
[2015.05.25-20.55.37:134][  0]LightingResults: New page: Lighting Build
[2015.05.25-20.55.37:139][  0]LogParticles: Destroying 0 GPU particle simulations for FXSystem 0x00000000138FD800
[2015.05.25-20.55.37:421][  0]LogBlueprint:Warning: Generic delegate signature ref (InputTouchHandlerDynamicSignature__DelegateSignature). Explicitly setting it to: '/Script/Engine.InputTouchHandlerDynamicSignature__DelegateSignature'. Make sure this is correct (there could be multiple native delegate types with this name)?
[2015.05.25-20.55.37:422][  0]LogBlueprint:Warning: Generic delegate signature ref (InputTouchHandlerDynamicSignature__DelegateSignature). Explicitly setting it to: '/Script/Engine.InputTouchHandlerDynamicSignature__DelegateSignature'. Make sure this is correct (there could be multiple native delegate types with this name)?
[2015.05.25-20.55.37:422][  0]LogBlueprint:Warning: Generic delegate signature ref (InputActionHandlerDynamicSignature__DelegateSignature). Explicitly setting it to: '/Script/Engine.InputActionHandlerDynamicSignature__DelegateSignature'. Make sure this is correct (there could be multiple native delegate types with this name)?
[2015.05.25-20.55.37:422][  0]LogBlueprint:Warning: Generic delegate signature ref (InputActionHandlerDynamicSignature__DelegateSignature). Explicitly setting it to: '/Script/Engine.InputActionHandlerDynamicSignature__DelegateSignature'. Make sure this is correct (there could be multiple native delegate types with this name)?
[2015.05.25-20.55.37:442][  0]LogBlueprint:Warning: Generic delegate signature ref (InputTouchHandlerDynamicSignature__DelegateSignature). Explicitly setting it to: '/Script/Engine.InputTouchHandlerDynamicSignature__DelegateSignature'. Make sure this is correct (there could be multiple native delegate types with this name)?
[2015.05.25-20.55.37:442][  0]LogBlueprint:Warning: Generic delegate signature ref (InputTouchHandlerDynamicSignature__DelegateSignature). Explicitly setting it to: '/Script/Engine.InputTouchHandlerDynamicSignature__DelegateSignature'. Make sure this is correct (there could be multiple native delegate types with this name)?
[2015.05.25-20.55.37:443][  0]LogBlueprint:Warning: Generic delegate signature ref (InputActionHandlerDynamicSignature__DelegateSignature). Explicitly setting it to: '/Script/Engine.InputActionHandlerDynamicSignature__DelegateSignature'. Make sure this is correct (there could be multiple native delegate types with this name)?
[2015.05.25-20.55.37:443][  0]LogBlueprint:Warning: Generic delegate signature ref (InputActionHandlerDynamicSignature__DelegateSignature). Explicitly setting it to: '/Script/Engine.InputActionHandlerDynamicSignature__DelegateSignature'. Make sure this is correct (there could be multiple native delegate types with this name)?
[2015.05.25-20.55.37:694][  0]LogAIModule: Creating AISystem for world TopDownExampleMap
[2015.05.25-20.55.37:700][  0]LogEditorServer: Finished looking for orphan Actors (0.000 secs)
[2015.05.25-20.55.37:700][  0]Cmd: MAP CHECKDEP NOCLEARLOG
[2015.05.25-20.55.37:723][  0]MapCheck: Info Map check complete: 0 Error(s), 0 Warning(s), took 22.61ms to complete.
[2015.05.25-20.55.37:723][  0]LogFileHelpers: Loading map 'TopDownExampleMap' took 0.597
[2015.05.25-20.55.37:826][  0]LogCollectionManager: Loaded 0 collections in 0.001257 seconds
[2015.05.25-20.55.37:831][  0]LogContentBrowser: Native class hierarchy populated in 0.0044 seconds. Added 1792 classes and 301 folders.
[2015.05.25-20.55.37:857][  0]LogContentBrowser: Native class hierarchy updated for 'WidgetCarousel' in 0.0002 seconds. Added 0 classes and 0 folders.
[2015.05.25-20.55.37:872][  0]LogContentBrowser: Native class hierarchy updated for 'AddContentDialog' in 0.0002 seconds. Added 0 classes and 0 folders.
[2015.05.25-20.55.37:900][  0]LogContentBrowser: Native class hierarchy updated for 'SceneOutliner' in 0.0002 seconds. Added 1 classes and 2 folders.
[2015.05.25-20.55.37:920][  0]LogCrashTracker: Crashtracker disabled due to settings.
[2015.05.25-20.55.37:923][  0]LogUObjectGlobals:Warning: Failed to find object 'Class None.'
[2015.05.25-20.55.37:943][  0]LogLoad: Full Startup: 5.39 seconds (BP compile: 0.16 seconds)
[2015.05.25-20.55.38:379][  0]LogContentStreaming: Texture pool size is 0.000000MB
[2015.05.25-20.55.38:406][  0]LogContentStreaming: Texture pool size now 1000 MB
[2015.05.25-20.55.38:586][  0]LogRenderer: Reallocating scene render targets to support 1032x928 (Frame:2).
[2015.05.25-20.55.41:330][  9]LogAssetRegistry: Asset discovery search completed in 4.7077 seconds
[2015.05.25-20.55.47:155][558]LogLinker:Warning: Asset '../../../Engine/Content/Tutorial/Basics/FeaturePacks.uasset' has been saved with empty engine version. The asset will be loaded but may be incompatible.
[2015.05.25-20.55.47:408][558]LogLinker:Warning: Asset '../../../Engine/Content/Tutorial/Mobile/InstallingiTunesTutorial.uasset' has been saved with empty engine version. The asset will be loaded but may be incompatible.
[2015.05.25-20.55.47:414][558]LogLinker:Warning: Asset '../../../Engine/Content/Tutorial/Mobile/SettingUpAndroidTutorial.uasset' has been saved with empty engine version. The asset will be loaded but may be incompatible.
[2015.05.25-20.56.00:305][ 69]LogAIModule: Creating AISystem for world Untitled_1
[2015.05.25-20.56.00:392][ 69]Cmd: MAP LOAD FILE="../../../../../../../Studium/3DProjekt/3DGame/3DGame/Soulglitch/Saved/Untitled_1.umap" TEMPLATE=0 SHOWPROGRESS=1 FEATURELEVEL=3
[2015.05.25-20.56.00:393][ 69]LightingResults: New page: Lighting Build
[2015.05.25-20.56.00:404][ 69]LoadErrors: New page: Loading map: Untitled_1.umap
[2015.05.25-20.56.00:404][ 69]MapCheck: New page: Map Check
[2015.05.25-20.56.00:404][ 69]LightingResults: New page: Lighting Build
[2015.05.25-20.56.00:411][ 69]LogParticles: Destroying 0 GPU particle simulations for FXSystem 0x000000000FA83240
[2015.05.25-20.56.00:462][ 69]LogAIModule: Creating AISystem for world Untitled_1
[2015.05.25-20.56.00:473][ 69]LogEditorServer: Finished looking for orphan Actors (0.000 secs)
[2015.05.25-20.56.00:498][ 69]Cmd: MAP CHECKDEP NOCLEARLOG
[2015.05.25-20.56.00:527][ 69]MapCheck: Info Map check complete: 0 Error(s), 0 Warning(s), took 28.969ms to complete.
[2015.05.25-20.56.00:527][ 69]LogFileHelpers: Loading map 'Untitled_1' took 0.136
[2015.05.25-20.56.05:552][659]LogLinker:Warning: Can't find file '/Game/TopDownBP/Character/TopDownAnimBlueprint'
[2015.05.25-20.56.05:552][659]LogLinker:Warning: Can't find file '/Game/TopDownBP/Character/TopDownAnimBlueprint'
[2015.05.25-20.56.05:552][659]LogLinker:Warning: Can't find file '/Game/TopDownBP/Character/TopDownAnimBlueprint'
[2015.05.25-20.56.05:552][659]LogUObjectGlobals:Warning: Failed to find object 'Object /Game/TopDownBP/Character/TopDownAnimBlueprint.TopDownAnimBlueprint'
[2015.05.25-20.56.05:753][683]LogUObjectGlobals:Warning: Failed to find object 'Object /Game/TopDownBP/Character/TopDownSkeletalMesh.TopDownSkeletalMesh'
[2015.05.25-20.56.05:936][705]LogLinker:Warning: Can't find file '/Game/TopDownBP/Character/TopDownSkeleton'
[2015.05.25-20.56.05:936][705]LogLinker:Warning: Can't find file '/Game/TopDownBP/Character/TopDownSkeleton'
[2015.05.25-20.56.05:936][705]LogLinker:Warning: Can't find file '/Game/TopDownBP/Character/TopDownSkeleton'
[2015.05.25-20.56.05:936][705]LogUObjectGlobals:Warning: Failed to find object 'Object /Game/TopDownBP/Character/TopDownSkeleton.TopDownSkeleton'
[2015.05.25-20.56.06:119][727]LogLinker:Warning: Can't find file '/Game/TopDownBP/Animations/TopDownIdle'
[2015.05.25-20.56.06:119][727]LogLinker:Warning: Can't find file '/Game/TopDownBP/Animations/TopDownIdle'
[2015.05.25-20.56.06:120][727]LogLinker:Warning: Can't find file '/Game/TopDownBP/Animations/TopDownIdle'
[2015.05.25-20.56.06:120][727]LogUObjectGlobals:Warning: Failed to find object 'Object /Game/TopDownBP/Animations/TopDownIdle.TopDownIdle'
[2015.05.25-20.56.06:365][753]Cmd: EDCALLBACK SURFPROPS
[2015.05.25-20.56.15:385][794]LogAIModule: Creating AISystem for world TopDownExampleMap2
[2015.05.25-20.56.15:390][794]LogActorComponent: UnregisterComponent: (/Engine/Transient.CharMoveComp) Not registered. Aborting.
[2015.05.25-20.56.15:404][794]Cmd: MAP LOAD FILE="../../../../../../../Studium/3DProjekt/3DGame/3DGame/Soulglitch/Content/Maps/TopDownExampleMap2.umap" TEMPLATE=0 SHOWPROGRESS=1 FEATURELEVEL=3
[2015.05.25-20.56.15:404][794]LightingResults: New page: Lighting Build
[2015.05.25-20.56.15:416][794]LoadErrors: New page: Loading map: TopDownExampleMap2.umap
[2015.05.25-20.56.15:417][794]MapCheck: New page: Map Check
[2015.05.25-20.56.15:417][794]LightingResults: New page: Lighting Build
[2015.05.25-20.56.15:424][794]LogParticles: Destroying 0 GPU particle simulations for FXSystem 0x0000000022019D00
[2015.05.25-20.56.15:506][794]LogAIModule: Creating AISystem for world TopDownExampleMap2
[2015.05.25-20.56.15:510][794]LogEditorServer: Finished looking for orphan Actors (0.000 secs)
[2015.05.25-20.56.15:524][794]Cmd: MAP CHECKDEP NOCLEARLOG
[2015.05.25-20.56.15:553][794]MapCheck: Info Map check complete: 0 Error(s), 0 Warning(s), took 28.216ms to complete.
[2015.05.25-20.56.15:553][794]LogFileHelpers: Loading map 'TopDownExampleMap2' took 0.150
[2015.05.25-20.57.10:104][270]LogLinker:Warning: Can't find file '/Game/TopDownBP/Character/TopDownAnimBlueprint'
[2015.05.25-20.57.10:104][270]LogLinker:Warning: Can't find file '/Game/TopDownBP/Character/TopDownAnimBlueprint'
[2015.05.25-20.57.10:104][270]LogLinker:Warning: Can't find file '/Game/TopDownBP/Character/TopDownAnimBlueprint'
[2015.05.25-20.57.10:104][270]LogUObjectGlobals:Warning: Failed to find object 'Object /Game/TopDownBP/Character/TopDownAnimBlueprint.TopDownAnimBlueprint'
[2015.05.25-20.57.14:741][826]LogUObjectGlobals:Warning: Failed to find object 'Object /Game/TopDownBP/Character/TopDownSkeletalMesh.TopDownSkeletalMesh'
[2015.05.25-20.57.24:101][949]LogLinker:Warning: Can't find file '/Game/TopDownBP/Character/TopDownSkeleton'
[2015.05.25-20.57.24:101][949]LogLinker:Warning: Can't find file '/Game/TopDownBP/Character/TopDownSkeleton'
[2015.05.25-20.57.24:101][949]LogLinker:Warning: Can't find file '/Game/TopDownBP/Character/TopDownSkeleton'
[2015.05.25-20.57.24:102][949]LogUObjectGlobals:Warning: Failed to find object 'Object /Game/TopDownBP/Character/TopDownSkeleton.TopDownSkeleton'
[2015.05.25-20.57.25:696][140]LogLinker:Warning: Can't find file '/Game/TopDownBP/Animations/TopDownIdle'
[2015.05.25-20.57.25:696][140]LogLinker:Warning: Can't find file '/Game/TopDownBP/Animations/TopDownIdle'
[2015.05.25-20.57.25:696][140]LogLinker:Warning: Can't find file '/Game/TopDownBP/Animations/TopDownIdle'
[2015.05.25-20.57.25:696][140]LogUObjectGlobals:Warning: Failed to find object 'Object /Game/TopDownBP/Animations/TopDownIdle.TopDownIdle'
[2015.05.25-20.57.42:528][155]LogPlayLevel: PIE:  No blueprints needed recompiling
[2015.05.25-20.57.42:530][155]PIE: New page: PIE session: TopDownExampleMap2 (May 26, 2015, 12:57:42 AM)
[2015.05.25-20.57.42:530][155]LogPlayLevel: Creating play world package: /Game/Maps/UEDPIE_0_TopDownExampleMap2
[2015.05.25-20.57.42:556][155]LogPlayLevel: PIE: StaticDuplicateObject took: (0.025701s)
[2015.05.25-20.57.42:557][155]LogAIModule: Creating AISystem for world TopDownExampleMap2
[2015.05.25-20.57.42:557][155]LogPlayLevel: PIE: World Init took: (0.001128s)
[2015.05.25-20.57.42:557][155]LogPlayLevel: PIE: Created PIE world by copying editor world from /Game/Maps/TopDownExampleMap2.TopDownExampleMap2 to /Game/Maps/UEDPIE_0_TopDownExampleMap2.TopDownExampleMap2 (0.027015s)
[2015.05.25-20.57.42:557][155]LogActorComponent: UnregisterComponent: (/Engine/Transient.CharMoveComp) Not registered. Aborting.
[2015.05.25-20.57.42:575][155]LogInit: XAudio2 using 'Lautsprecher (Realtek High Definition Audio)' : 2 channels at 48 kHz using 32 bits per sample (channel mask 0x3)
[2015.05.25-20.57.42:581][155]LogInit: FAudioDevice initialized.
[2015.05.25-20.57.42:624][155]LogWorld: Game class is 'TopDownGameMode_C'
[2015.05.25-20.57.42:629][155]LogWorld:Warning: *** WARNING - PATHS MAY NOT BE VALID ***
[2015.05.25-20.57.42:629][155]LogWorld: Bringing World /Game/Maps/UEDPIE_0_TopDownExampleMap2.TopDownExampleMap2 up for play (max tick rate 0) at 2015.05.25-22.57.42
[2015.05.25-20.57.42:629][155]LogActor:Warning: GameSession /Game/Maps/UEDPIE_0_TopDownExampleMap2.TopDownExampleMap2:PersistentLevel.GameSession_0 has natively added scene component(s), but none of them were set as the actor's RootComponent - picking one arbitrarily
[2015.05.25-20.57.42:629][155]LogActor:Warning: GameNetworkManager /Game/Maps/UEDPIE_0_TopDownExampleMap2.TopDownExampleMap2:PersistentLevel.GameNetworkManager_0 has natively added scene component(s), but none of them were set as the actor's RootComponent - picking one arbitrarily
[2015.05.25-20.57.42:629][155]LogWorld: Bringing up level for play took: 0.004512
[2015.05.25-20.57.42:630][155]PIE: Info Play in editor start time for /Game/Maps/UEDPIE_0_TopDownExampleMap2 0.472
[2015.05.25-20.57.55:036][619]LogParticles: Destroying 0 GPU particle simulations for FXSystem 0x000000000DDE6980
[2015.05.25-20.57.55:149][620]Cmd: QUIT_EDITOR
[2015.05.25-20.57.55:726][620]LogExit: Preparing to exit.
[2015.05.25-20.57.55:971][620]LogExit: Editor shut down
[2015.05.25-20.57.55:972][620]LogExit: Transaction tracking system shut down
[2015.05.25-20.57.55:972][620]LogParticles: Destroying 0 GPU particle simulations for FXSystem 0x000000001EB65940
[2015.05.25-20.57.55:972][620]LogParticles: Destroying 0 GPU particle simulations for FXSystem 0x000000001EB64680
[2015.05.25-20.57.55:972][620]LogParticles: Destroying 0 GPU particle simulations for FXSystem 0x000000001EBCA700
[2015.05.25-20.57.55:973][620]LogParticles: Destroying 0 GPU particle simulations for FXSystem 0x000000001E8E3920
[2015.05.25-20.57.55:973][620]LogParticles: Destroying 0 GPU particle simulations for FXSystem 0x000000000F659760
[2015.05.25-20.57.56:053][620]LogExit: Object subsystem successfully closed.
[2015.05.25-20.57.56:098][620]LogModuleManager: Shutting down and abandoning module CrashTracker (188)
[2015.05.25-20.57.56:098][620]LogModuleManager: Shutting down and abandoning module SceneOutliner (187)
[2015.05.25-20.57.56:098][620]LogModuleManager: Shutting down and abandoning module SuperSearch (186)
[2015.05.25-20.57.56:098][620]LogModuleManager: Shutting down and abandoning module WidgetCarousel (185)
[2015.05.25-20.57.56:098][620]LogModuleManager: Shutting down and abandoning module AddContentDialog (184)
[2015.05.25-20.57.56:099][620]LogModuleManager: Shutting down and abandoning module EditorWidgets (183)
[2015.05.25-20.57.56:099][620]LogModuleManager: Shutting down and abandoning module CollectionManager (182)
[2015.05.25-20.57.56:099][620]LogModuleManager: Shutting down and abandoning module StatsViewer (181)
[2015.05.25-20.57.56:099][620]LogModuleManager: Shutting down and abandoning module FoliageEdit (180)
[2015.05.25-20.57.56:099][620]LogModuleManager: Shutting down and abandoning module LandscapeEditor (179)
[2015.05.25-20.57.56:099][620]LogModuleManager: Shutting down and abandoning module ActorPickerMode (178)
[2015.05.25-20.57.56:099][620]LogModuleManager: Shutting down and abandoning module GeometryMode (177)
[2015.05.25-20.57.56:099][620]LogModuleManager: Shutting down and abandoning module TextureAlignMode (176)
[2015.05.25-20.57.56:099][620]LogModuleManager: Shutting down and abandoning module BspMode (175)
[2015.05.25-20.57.56:099][620]LogModuleManager: Shutting down and abandoning module PlacementMode (174)
[2015.05.25-20.57.56:099][620]LogModuleManager: Shutting down and abandoning module AutomationWorker (173)
[2015.05.25-20.57.56:099][620]LogModuleManager: Shutting down and abandoning module CharacterAI (172)
[2015.05.25-20.57.56:099][620]LogModuleManager: Shutting down and abandoning module SmartSnapping (171)
[2015.05.25-20.57.56:099][620]LogModuleManager: Shutting down and abandoning module ViewportSnapping (170)
[2015.05.25-20.57.56:099][620]LogModuleManager: Shutting down and abandoning module LogVisualizer (169)
[2015.05.25-20.57.56:099][620]LogModuleManager: Shutting down and abandoning module GameProjectGeneration (168)
[2015.05.25-20.57.56:099][620]LogModuleManager: Shutting down and abandoning module IntroTutorials (167)
[2015.05.25-20.57.56:099][620]LogModuleManager: Shutting down and abandoning module EditorLiveStreaming (166)
[2015.05.25-20.57.56:099][620]LogModuleManager: Shutting down and abandoning module IOSPlatformEditor (165)
[2015.05.25-20.57.56:099][620]LogModuleManager: Shutting down and abandoning module HTML5PlatformEditor (164)
[2015.05.25-20.57.56:099][620]LogModuleManager: Shutting down and abandoning module AndroidDeviceDetection (163)
[2015.05.25-20.57.56:903][620]LogModuleManager: Shutting down and abandoning module AndroidPlatformEditor (162)
[2015.05.25-20.57.56:903][620]LogModuleManager: Shutting down and abandoning module IOSRuntimeSettings (161)
[2015.05.25-20.57.56:903][620]LogModuleManager: Shutting down and abandoning module AndroidRuntimeSettings (160)
[2015.05.25-20.57.56:903][620]LogModuleManager: Shutting down and abandoning module MergeActors (159)
[2015.05.25-20.57.56:903][620]LogModuleManager: Shutting down and abandoning module SizeMap (158)
[2015.05.25-20.57.56:903][620]LogModuleManager: Shutting down and abandoning module TreeMap (157)
[2015.05.25-20.57.56:903][620]LogModuleManager: Shutting down and abandoning module ReferenceViewer (156)
[2015.05.25-20.57.56:903][620]LogModuleManager: Shutting down and abandoning module LocalizationDashboard (155)
[2015.05.25-20.57.56:903][620]LogModuleManager: Shutting down and abandoning module HardwareTargeting (154)
[2015.05.25-20.57.56:903][620]LogModuleManager: Shutting down and abandoning module DeviceProfileEditor (153)
[2015.05.25-20.57.56:903][620]LogModuleManager: Shutting down and abandoning module UndoHistory (152)
[2015.05.25-20.57.56:903][620]LogModuleManager: Shutting down and abandoning module GameplayTagsEditor (151)
[2015.05.25-20.57.56:903][620]LogModuleManager: Shutting down and abandoning module UserFeedback (150)
[2015.05.25-20.57.56:903][620]LogModuleManager: Shutting down and abandoning module XmlParser (149)
[2015.05.25-20.57.56:903][620]LogModuleManager: Shutting down and abandoning module Blutility (148)
[2015.05.25-20.57.56:903][620]LogModuleManager: Shutting down and abandoning module ProjectTargetPlatformEditor (147)
[2015.05.25-20.57.56:903][620]LogModuleManager: Shutting down and abandoning module ProjectSettingsViewer (146)
[2015.05.25-20.57.56:903][620]LogModuleManager: Shutting down and abandoning module InputBindingEditor (145)
[2015.05.25-20.57.56:903][620]LogModuleManager: Shutting down and abandoning module EditorSettingsViewer (144)
[2015.05.25-20.57.56:903][620]LogModuleManager: Shutting down and abandoning module SettingsEditor (143)
[2015.05.25-20.57.56:904][620]LogModuleManager: Shutting down and abandoning module ProjectLauncher (142)
[2015.05.25-20.57.56:904][620]LogModuleManager: Shutting down and abandoning module SessionFrontend (141)
[2015.05.25-20.57.56:904][620]LogModuleManager: Shutting down and abandoning module ProfilerClient (140)
[2015.05.25-20.57.56:904][620]LogModuleManager: Shutting down and abandoning module TargetDeviceServices (139)
[2015.05.25-20.57.56:904][620]LogModuleManager: Shutting down and abandoning module DeviceManager (138)
[2015.05.25-20.57.56:904][620]LogModuleManager: Shutting down and abandoning module AutomationController (137)
[2015.05.25-20.57.56:904][620]LogModuleManager: Shutting down and abandoning module AutomationWindow (136)
[2015.05.25-20.57.56:904][620]LogModuleManager: Shutting down and abandoning module Layers (135)
[2015.05.25-20.57.56:904][620]LogModuleManager: Shutting down and abandoning module ComponentVisualizers (134)
[2015.05.25-20.57.56:904][620]LogModuleManager: Shutting down and abandoning module DetailCustomizations (133)
[2015.05.25-20.57.56:904][620]LogModuleManager: Shutting down and abandoning module PackagesDialog (132)
[2015.05.25-20.57.56:904][620]LogModuleManager: Shutting down and abandoning module AssetRegistry (131)
[2015.05.25-20.57.56:984][620]LogModuleManager: Shutting down and abandoning module Persona (130)
[2015.05.25-20.57.56:984][620]LogModuleManager: Shutting down and abandoning module SlateReflector (129)
[2015.05.25-20.57.56:984][620]LogModuleManager: Shutting down and abandoning module LevelEditor (128)
[2015.05.25-20.57.56:985][620]LogModuleManager: Shutting down and abandoning module Kismet (127)
[2015.05.25-20.57.56:985][620]LogModuleManager: Shutting down and abandoning module GraphEditor (126)
[2015.05.25-20.57.56:985][620]LogModuleManager: Shutting down and abandoning module ClassViewer (125)
[2015.05.25-20.57.56:985][620]LogModuleManager: Shutting down and abandoning module Toolbox (124)
[2015.05.25-20.57.56:985][620]LogModuleManager: Shutting down and abandoning module ModuleUI (123)
[2015.05.25-20.57.56:985][620]LogModuleManager: Shutting down and abandoning module MovieSceneTools (122)
[2015.05.25-20.57.56:985][620]LogModuleManager: Shutting down and abandoning module OutputLog (121)
[2015.05.25-20.57.56:985][620]LogModuleManager: Shutting down and abandoning module GammaUI (120)
[2015.05.25-20.57.56:985][620]LogModuleManager: Shutting down and abandoning module Documentation (119)
[2015.05.25-20.57.56:985][620]LogModuleManager: Shutting down and abandoning module GameLiveStreaming (118)
[2015.05.25-20.57.56:985][620]LogModuleManager: Shutting down and abandoning module StreamingPauseRendering (117)
[2015.05.25-20.57.56:985][620]LogModuleManager: Shutting down and abandoning module AnalyticsET (116)
[2015.05.25-20.57.56:985][620]LogModuleManager: Shutting down and abandoning module Analytics (115)
[2015.05.25-20.57.56:985][620]LogModuleManager: Shutting down and abandoning module AITestSuite (114)
[2015.05.25-20.57.56:985][620]LogModuleManager: Shutting down and abandoning module GameplayDebugger (113)
[2015.05.25-20.57.56:985][620]LogModuleManager: Shutting down and abandoning module AIModule (112)
[2015.05.25-20.57.56:985][620]LogModuleManager: Shutting down and abandoning module ProfilerService (111)
[2015.05.25-20.57.57:054][620]LogModuleManager: Shutting down and abandoning module TaskGraph (110)
[2015.05.25-20.57.57:054][620]LogModuleManager: Shutting down and abandoning module SlateRemote (109)
[2015.05.25-20.57.57:054][620]LogModuleManager: Shutting down and abandoning module SteamVRController (108)
[2015.05.25-20.57.57:054][620]LogModuleManager: Shutting down and abandoning module SteamVR (107)
[2015.05.25-20.57.57:054][620]LogModuleManager: Shutting down and abandoning module ProceduralMeshComponent (106)
[2015.05.25-20.57.57:054][620]LogModuleManager: Shutting down and abandoning module OculusRift (105)
[2015.05.25-20.57.57:054][620]LogModuleManager: Shutting down and abandoning module LeapMotionController (104)
[2015.05.25-20.57.57:059][620]LogModuleManager: Shutting down and abandoning module CustomMeshComponent (103)
[2015.05.25-20.57.57:059][620]LogModuleManager: Shutting down and abandoning module CableComponent (102)
[2015.05.25-20.57.57:059][620]LogModuleManager: Shutting down and abandoning module MessagingDebugger (101)
[2015.05.25-20.57.57:059][620]LogModuleManager: Shutting down and abandoning module MediaPlayerEditor (100)
[2015.05.25-20.57.57:059][620]LogModuleManager: Shutting down and abandoning module SpeedTreeImporter (99)
[2015.05.25-20.57.57:059][620]LogModuleManager: Shutting down and abandoning module PluginBrowser (98)
[2015.05.25-20.57.57:059][620]LogModuleManager: Shutting down and abandoning module MainFrame (97)
[2015.05.25-20.57.57:059][620]LogModuleManager: Shutting down and abandoning module EpicSurvey (96)
[2015.05.25-20.57.57:059][620]LogModuleManager: Shutting down and abandoning module DesktopPlatform (95)
[2015.05.25-20.57.57:059][620]LogModuleManager: Shutting down and abandoning module DirectoryWatcher (94)
[2015.05.25-20.57.57:059][620]LogModuleManager: Shutting down and abandoning module HotReload (93)
[2015.05.25-20.57.57:060][620]LogModuleManager: Shutting down and abandoning module VisualStudioSourceCodeAccess (92)
[2015.05.25-20.57.57:060][620]LogModuleManager: Shutting down and abandoning module UObjectPlugin (91)
[2015.05.25-20.57.57:060][620]LogModuleManager: Shutting down and abandoning module SubversionSourceControl (90)
[2015.05.25-20.57.57:060][620]LogModuleManager: Shutting down and abandoning module PerforceSourceControl (89)
[2015.05.25-20.57.57:060][620]LogModuleManager: Shutting down and abandoning module SourceControl (88)
[2015.05.25-20.57.57:060][620]LogModuleManager: Shutting down and abandoning module GitSourceControl (87)
[2015.05.25-20.57.57:060][620]LogModuleManager: Shutting down and abandoning module BlankPlugin (86)
[2015.05.25-20.57.57:060][620]LogModuleManager: Shutting down and abandoning module PaperTiledImporter (85)
[2015.05.25-20.57.57:060][620]LogModuleManager: Shutting down and abandoning module PaperSpriteSheetImporter (84)
[2015.05.25-20.57.57:060][620]LogModuleManager: Shutting down and abandoning module MeshPaint (83)
[2015.05.25-20.57.57:060][620]LogModuleManager: Shutting down and abandoning module ContentBrowser (82)
[2015.05.25-20.57.57:060][620]LogModuleManager: Shutting down and abandoning module Paper2DEditor (81)
[2015.05.25-20.57.57:060][620]LogModuleManager: Shutting down and abandoning module UdpMessaging (80)
[2015.05.25-20.57.57:160][620]LogModuleManager: Shutting down and abandoning module Paper2D (79)
[2015.05.25-20.57.57:160][620]LogModuleManager: Shutting down and abandoning module WindowsMoviePlayer (78)
[2015.05.25-20.57.57:168][620]LogModuleManager: Shutting down and abandoning module Media (77)
[2015.05.25-20.57.57:168][620]LogModuleManager: Shutting down and abandoning module WmfMedia (76)
[2015.05.25-20.57.57:168][620]LogModuleManager: Shutting down and abandoning module OnlineBlueprintSupport (75)
[2015.05.25-20.57.57:168][620]LogModuleManager: Shutting down and abandoning module PropertyEditor (74)
[2015.05.25-20.57.57:168][620]LogModuleManager: Shutting down and abandoning module BehaviorTreeEditor (73)
[2015.05.25-20.57.57:168][620]LogModuleManager: Shutting down and abandoning module FunctionalTesting (72)
[2015.05.25-20.57.57:168][620]LogModuleManager: Shutting down and abandoning module CollisionAnalyzer (71)
[2015.05.25-20.57.57:168][620]LogModuleManager: Shutting down and abandoning module WorkspaceMenuStructure (70)
[2015.05.25-20.57.57:168][620]LogModuleManager: Shutting down and abandoning module MessageLog (69)
[2015.05.25-20.57.57:168][620]LogModuleManager: Shutting down and abandoning module Sequencer (68)
[2015.05.25-20.57.57:169][620]LogModuleManager: Shutting down and abandoning module AssetTools (67)
[2015.05.25-20.57.57:169][620]LogModuleManager: Shutting down and abandoning module UMGEditor (66)
[2015.05.25-20.57.57:169][620]LogModuleManager: Shutting down and abandoning module UMG (65)
[2015.05.25-20.57.57:169][620]LogModuleManager: Shutting down and abandoning module Slate (64)
[2015.05.25-20.57.57:169][620]LogModuleManager: Shutting down and abandoning module EditorStyle (63)
[2015.05.25-20.57.57:171][620]LogModuleManager: Shutting down and abandoning module SessionServices (62)
[2015.05.25-20.57.57:171][620]LogModuleManager: Shutting down and abandoning module SourceCodeAccess (61)
[2015.05.25-20.57.57:171][620]LogModuleManager: Shutting down and abandoning module HeadMountedDisplay (60)
[2015.05.25-20.57.57:171][620]LogModuleManager: Shutting down and abandoning module XAudio2 (59)
[2015.05.25-20.57.57:171][620]LogModuleManager: Shutting down and abandoning module Networking (57)
[2015.05.25-20.57.57:171][620]LogModuleManager: Shutting down and abandoning module Core (56)
[2015.05.25-20.57.57:171][620]LogModuleManager: Shutting down and abandoning module KismetCompiler (55)
[2015.05.25-20.57.57:171][620]LogModuleManager: Shutting down and abandoning module PhysXFormats (54)
[2015.05.25-20.57.57:171][620]LogModuleManager: Shutting down and abandoning module MeshUtilities (53)
[2015.05.25-20.57.57:171][620]LogModuleManager: Shutting down and abandoning module DerivedDataCache (52)
[2015.05.25-20.57.57:258][620]LogDerivedDataCache: Shutdown
[2015.05.25-20.57.57:258][620]LogModuleManager: Shutting down and abandoning module ShaderFormatOpenGL (51)
[2015.05.25-20.57.57:258][620]LogModuleManager: Shutting down and abandoning module ShaderFormatD3D (50)
[2015.05.25-20.57.57:258][620]LogModuleManager: Shutting down and abandoning module MetalShaderFormat (49)
[2015.05.25-20.57.57:258][620]LogModuleManager: Shutting down and abandoning module TextureFormatUncompressed (48)
[2015.05.25-20.57.57:258][620]LogModuleManager: Shutting down and abandoning module TextureFormatPVR (47)
[2015.05.25-20.57.57:258][620]LogModuleManager: Shutting down and abandoning module TextureFormatIntelISPCTexComp (46)
[2015.05.25-20.57.57:258][620]LogModuleManager: Shutting down and abandoning module TextureFormatDXT (45)
[2015.05.25-20.57.57:258][620]LogModuleManager: Shutting down and abandoning module ImageWrapper (44)
[2015.05.25-20.57.57:258][620]LogModuleManager: Shutting down and abandoning module TextureFormatASTC (43)
[2015.05.25-20.57.57:258][620]LogModuleManager: Shutting down and abandoning module TextureFormatAndroid (42)
[2015.05.25-20.57.57:258][620]LogModuleManager: Shutting down and abandoning module AudioFormatOpus (41)
[2015.05.25-20.57.57:258][620]LogModuleManager: Shutting down and abandoning module AudioFormatOgg (40)
[2015.05.25-20.57.57:258][620]LogModuleManager: Shutting down and abandoning module AudioFormatADPCM (39)
[2015.05.25-20.57.57:258][620]LogModuleManager: Shutting down and abandoning module LinuxTargetPlatform (38)
[2015.05.25-20.57.57:258][620]LogModuleManager: Shutting down and abandoning module LinuxServerTargetPlatform (37)
[2015.05.25-20.57.57:258][620]LogModuleManager: Shutting down and abandoning module LinuxNoEditorTargetPlatform (36)
[2015.05.25-20.57.57:258][620]LogModuleManager: Shutting down and abandoning module Messaging (35)
[2015.05.25-20.57.57:258][620]LogModuleManager: Shutting down and abandoning module IOSTargetPlatform (34)
[2015.05.25-20.57.57:258][620]LogModuleManager: Shutting down and abandoning module HTML5TargetPlatform (33)
[2015.05.25-20.57.57:258][620]LogModuleManager: Shutting down and abandoning module Android_PVRTCTargetPlatform (32)
[2015.05.25-20.57.57:258][620]LogModuleManager: Shutting down and abandoning module Android_ETC2TargetPlatform (31)
[2015.05.25-20.57.57:258][620]LogModuleManager: Shutting down and abandoning module Android_ETC1TargetPlatform (30)
[2015.05.25-20.57.57:258][620]LogModuleManager: Shutting down and abandoning module Android_DXTTargetPlatform (29)
[2015.05.25-20.57.57:258][620]LogModuleManager: Shutting down and abandoning module Android_ATCTargetPlatform (28)
[2015.05.25-20.57.57:258][620]LogModuleManager: Shutting down and abandoning module Android_ASTCTargetPlatform (27)
[2015.05.25-20.57.57:258][620]LogModuleManager: Shutting down and abandoning module AndroidTargetPlatform (26)
[2015.05.25-20.57.57:258][620]LogModuleManager: Shutting down and abandoning module WindowsTargetPlatform (25)
[2015.05.25-20.57.57:258][620]LogModuleManager: Shutting down and abandoning module WindowsServerTargetPlatform (24)
[2015.05.25-20.57.57:258][620]LogModuleManager: Shutting down and abandoning module WindowsNoEditorTargetPlatform (23)
[2015.05.25-20.57.57:258][620]LogModuleManager: Shutting down and abandoning module WindowsClientTargetPlatform (22)
[2015.05.25-20.57.57:258][620]LogModuleManager: Shutting down and abandoning module DesktopTargetPlatform (21)
[2015.05.25-20.57.57:258][620]LogModuleManager: Shutting down and abandoning module TargetPlatform (20)
[2015.05.25-20.57.57:258][620]LogModuleManager: Shutting down and abandoning module InputCore (19)
[2015.05.25-20.57.57:258][620]LogModuleManager: Shutting down and abandoning module Settings (18)
[2015.05.25-20.57.57:258][620]LogModuleManager: Shutting down and abandoning module OnlineSubsystem (16)
[2015.05.25-20.57.57:258][620]LogModuleManager: Shutting down and abandoning module HTTP (15)
[2015.05.25-20.57.57:259][620]LogModuleManager: Shutting down and abandoning module ExampleDeviceProfileSelector (14)
[2015.05.25-20.57.57:259][620]LogModuleManager: Shutting down and abandoning module TextureCompressor (13)
[2015.05.25-20.57.57:259][620]LogModuleManager: Shutting down and abandoning module ShaderCore (12)
[2015.05.25-20.57.57:259][620]LogModuleManager: Shutting down and abandoning module Landscape (11)
[2015.05.25-20.57.57:259][620]LogModuleManager: Shutting down and abandoning module SlateRHIRenderer (10)
[2015.05.25-20.57.57:273][620]LogModuleManager: Shutting down and abandoning module OpenGLDrv (9)
[2015.05.25-20.57.57:273][620]LogModuleManager: Shutting down and abandoning module D3D11RHI (8)
[2015.05.25-20.57.57:273][620]LogModuleManager: Shutting down and abandoning module Renderer (7)
[2015.05.25-20.57.57:273][620]LogModuleManager: Shutting down and abandoning module Engine (6)
[2015.05.25-20.57.57:273][620]LogModuleManager: Shutting down and abandoning module CoreUObject (5)
[2015.05.25-20.57.57:273][620]LogModuleManager: Shutting down and abandoning module NetworkFile (4)
[2015.05.25-20.57.57:273][620]LogModuleManager: Shutting down and abandoning module StreamingFile (3)
[2015.05.25-20.57.57:273][620]LogModuleManager: Shutting down and abandoning module SandboxFile (2)
[2015.05.25-20.57.57:273][620]LogModuleManager: Shutting down and abandoning module PakFile (1)
[2015.05.25-20.57.57:274][620]LogExit: Exiting.
[2015.05.25-20.57.57:277][620]Log file closed, 05/25/15 22:57:57
