[2015.05.21-18.24.54:740][  0]Log file open, 05/21/15 20:24:54
[2015.05.21-18.24.54:740][  0]LogInit:Display: Running engine for game: Soulglitch
[2015.05.21-18.24.54:740][  0]LogInit:Display: RandInit(1828378401) SRandInit(1828378402).
[2015.05.21-18.24.54:740][  0]LogTaskGraph: Started task graph with 4 named threads and 7 total threads.
[2015.05.21-18.24.54:740][  0]LogStats: Stats thread started
[2015.05.21-18.24.54:740][  0]LogInit: Version: 4.8.0-2554075+++depot+UE4-Releases+4.8
[2015.05.21-18.24.54:740][  0]LogInit: API Version: 2554075
[2015.05.21-18.24.54:740][  0]LogInit: Compiled (64-bit): May 16 2015 12:18:55
[2015.05.21-18.24.54:740][  0]LogInit: Compiled with Visual C++: 18.00.21005.01
[2015.05.21-18.24.54:740][  0]LogInit: Build Configuration: Development
[2015.05.21-18.24.54:740][  0]LogInit: Branch Name: ++depot+UE4-Releases+4.8
[2015.05.21-18.24.54:740][  0]LogInit: Command line:  
[2015.05.21-18.24.54:740][  0]LogInit: Base directory: D:/Programme/Unreal/Epic Games/4.8/Engine/Binaries/Win64/
[2015.05.21-18.24.54:747][  0]LogInit: Using libcurl 7.41.0
[2015.05.21-18.24.54:747][  0]LogInit:  - built for x86_64-pc-win32
[2015.05.21-18.24.54:747][  0]LogInit:  - supports SSL with WinSSL
[2015.05.21-18.24.54:747][  0]LogInit:  - other features:
[2015.05.21-18.24.54:747][  0]LogInit:      CURL_VERSION_SSL
[2015.05.21-18.24.54:747][  0]LogInit:      CURL_VERSION_IPV6
[2015.05.21-18.24.54:747][  0]LogInit:      CURL_VERSION_ASYNCHDNS
[2015.05.21-18.24.54:747][  0]LogInit:      CURL_VERSION_LARGEFILE
[2015.05.21-18.24.54:747][  0]LogInit:      CURL_VERSION_IDN
[2015.05.21-18.24.54:747][  0]LogInit:  CurlRequestOptions (configurable via config and command line):
[2015.05.21-18.24.54:747][  0]LogInit:  - bVerifyPeer = true  - Libcurl will verify peer certificate
[2015.05.21-18.24.54:747][  0]LogInit:  - bUseHttpProxy = false  - Libcurl will NOT use HTTP proxy
[2015.05.21-18.24.54:747][  0]LogInit:  - bDontReuseConnections = false  - Libcurl will reuse connections
[2015.05.21-18.24.54:747][  0]LogInit:  - CertBundlePath = nullptr  - Libcurl will use whatever was configured at build time.
[2015.05.21-18.24.54:754][  0]LogOnline:Warning: No default platform service specified for OnlineSubsystem
[2015.05.21-18.24.54:762][  0]LogInit: Presizing for 0 objects not considered by GC, pre-allocating 0 bytes.
[2015.05.21-18.24.54:767][  0]LogInit: Object subsystem initialized
[2015.05.21-18.24.54:767][  0]LogConsoleResponse:Warning: Skipping Unknown console variable: 'TranslucentSortAxis = (X=0.000000,Y=-1.000000,Z=0.000000)'
[2015.05.21-18.24.54:767][  0]LogConsoleResponse:Warning:   Found in ini file 'D:/Studium/3DProjekt/3DGame/3DGame/Soulglitch/Saved/Config/Windows/Engine.ini', in section '[/Script/Engine.RendererSettings]'
[2015.05.21-18.24.54:767][  0]LogConsoleResponse:Warning: Skipping Unknown console variable: 'UIScaleRule = ShortestSide'
[2015.05.21-18.24.54:767][  0]LogConsoleResponse:Warning:   Found in ini file 'D:/Studium/3DProjekt/3DGame/3DGame/Soulglitch/Saved/Config/Windows/Engine.ini', in section '[/Script/Engine.RendererSettings]'
[2015.05.21-18.24.54:767][  0]LogConsoleResponse:Warning: Skipping Unknown console variable: 'UIScaleCurve = (EditorCurveData=(Keys=),ExternalCurve=None)'
[2015.05.21-18.24.54:767][  0]LogConsoleResponse:Warning:   Found in ini file 'D:/Studium/3DProjekt/3DGame/3DGame/Soulglitch/Saved/Config/Windows/Engine.ini', in section '[/Script/Engine.RendererSettings]'
[2015.05.21-18.24.54:768][  0]LogInit: Selected Device Profile: [Windows]
[2015.05.21-18.24.54:768][  0]LogInit: Applying CVar settings loaded from the selected device profile: [Windows]
[2015.05.21-18.24.54:772][  0]LogInit: Computer: SURALYA
[2015.05.21-18.24.54:772][  0]LogInit: User: TinaPlavius
[2015.05.21-18.24.54:772][  0]LogInit: CPU Page size=4096, Cores=4
[2015.05.21-18.24.54:772][  0]LogInit: High frequency timer resolution =3.906279 MHz
[2015.05.21-18.24.54:772][  0]LogMemory: Memory total: Physical=15.9GB (16GB approx)
[2015.05.21-18.24.54:772][  0]LogMemory: Platform Memory Stats for Windows
[2015.05.21-18.24.54:772][  0]LogMemory: Process Physical Memory: 50.33 MB used, 50.33 MB peak
[2015.05.21-18.24.54:772][  0]LogMemory: Process Virtual Memory: 23.27 MB used, 24.11 MB peak
[2015.05.21-18.24.54:772][  0]LogMemory: Physical Memory: 4748.23 MB used, 16310.92 MB total
[2015.05.21-18.24.54:772][  0]LogMemory: Virtual Memory: 282.71 MB used, 8388608.00 MB total
[2015.05.21-18.24.54:797][  0]LogTextLocalizationManager: The requested culture ('de_DE') has no localization data; falling back to 'en' for localization and internationalization data.
[2015.05.21-18.24.54:948][  0]LogTextLocalizationManager:Warning: Loaded localization resources contain conflicting entries for (Namespace:ContentBrowser, Key:ImportAssetToolTip):
Localization Resource: (D:/Programme/Unreal/Epic Games/4.8/Engine/Content/Localization/Editor/en/Editor.locres) Source String Hash: (-630476809) Localized String: (Import to {0}...)
Localization Resource: (D:/Programme/Unreal/Epic Games/4.8/Engine/Content/Localization/Editor/en/Editor.locres) Source String Hash: (1271782899) Localized String: (Imports an asset from file to this folder.)
[2015.05.21-18.24.55:185][  0]LogD3D11RHI: Found D3D11 adapter 0: NVIDIA GeForce GTX 970 (Feature Level 11_0)
[2015.05.21-18.24.55:185][  0]LogD3D11RHI: Adapter has 3906MB of dedicated video memory, 0MB of dedicated system memory, and 7899MB of shared system memory, 2 output[s]
[2015.05.21-18.24.55:185][  0]LogD3D11RHI: Chosen D3D11 Adapter Id = 0
[2015.05.21-18.24.55:189][  0]LogRHI: Texture pool is 1361 MB (70% of 1945 MB)
[2015.05.21-18.24.55:194][  0]LogD3D11RHI: Async texture creation enabled
[2015.05.21-18.24.55:206][  0]LogShaderCompilers:Display: Using Local Shader Compiler.
[2015.05.21-18.24.55:762][  0]LogTemp:Display: Loaded TP DesktopTargetPlatform
[2015.05.21-18.24.55:771][  0]LogTemp:Display: Loaded TP WindowsClientTargetPlatform
[2015.05.21-18.24.55:779][  0]LogTemp:Display: Loaded TP WindowsNoEditorTargetPlatform
[2015.05.21-18.24.55:789][  0]LogTemp:Display: Loaded TP WindowsServerTargetPlatform
[2015.05.21-18.24.55:798][  0]LogTemp:Display: Loaded TP WindowsTargetPlatform
[2015.05.21-18.24.55:806][  0]LogTemp:Display: Loaded TP AndroidTargetPlatform
[2015.05.21-18.24.55:814][  0]LogTemp:Display: Loaded TP Android_ASTCTargetPlatform
[2015.05.21-18.24.55:821][  0]LogTemp:Display: Loaded TP Android_ATCTargetPlatform
[2015.05.21-18.24.55:829][  0]LogTemp:Display: Loaded TP Android_DXTTargetPlatform
[2015.05.21-18.24.55:837][  0]LogTemp:Display: Loaded TP Android_ETC1TargetPlatform
[2015.05.21-18.24.55:844][  0]LogTemp:Display: Loaded TP Android_ETC2TargetPlatform
[2015.05.21-18.24.55:852][  0]LogTemp:Display: Loaded TP Android_PVRTCTargetPlatform
[2015.05.21-18.24.55:885][  0]LogTemp:Display: Loaded TP IOSTargetPlatform
[2015.05.21-18.24.55:892][  0]LogTemp:Display: Loaded TP LinuxNoEditorTargetPlatform
[2015.05.21-18.24.55:900][  0]LogTemp:Display: Loaded TP LinuxServerTargetPlatform
[2015.05.21-18.24.55:908][  0]LogTemp:Display: Loaded TP LinuxTargetPlatform
[2015.05.21-18.24.55:908][  0]LogTargetPlatformManager:Display: Building Assets For Windows
[2015.05.21-18.24.56:029][  0]LogDerivedDataCache:Display: Max Cache Size: 512 MB
[2015.05.21-18.24.56:062][  0]LogDerivedDataCache: Loaded boot cache 0.03s 52MB C:/Users/Tina Plavius/AppData/Local/UnrealEngine/4.8/DerivedDataCache/Boot.ddc.
[2015.05.21-18.24.56:062][  0]LogDerivedDataCache:Display: Loaded Boot cache: C:/Users/Tina Plavius/AppData/Local/UnrealEngine/4.8/DerivedDataCache/Boot.ddc
[2015.05.21-18.24.56:062][  0]LogDerivedDataCache: FDerivedDataBackendGraph:  Pak pak cache file ../../../../../../../Studium/3DProjekt/3DGame/3DGame/Soulglitch/DerivedDataCache/DDC.ddp not found, will not use a pak cache.
[2015.05.21-18.24.56:062][  0]LogDerivedDataCache: Unable to find inner node Pak for hierarchical cache Hierarchy.
[2015.05.21-18.24.56:062][  0]LogDerivedDataCache: FDerivedDataBackendGraph:  CompressedPak pak cache file ../../../../../../../Studium/3DProjekt/3DGame/3DGame/Soulglitch/DerivedDataCache/Compressed.ddp not found, will not use a pak cache.
[2015.05.21-18.24.56:062][  0]LogDerivedDataCache: Unable to find inner node CompressedPak for hierarchical cache Hierarchy.
[2015.05.21-18.24.56:155][  0]LogDerivedDataCache:Display: Pak cache opened for reading ../../../Engine/DerivedDataCache/Compressed.ddp.
[2015.05.21-18.24.56:166][  0]LogDerivedDataCache: Using Local data cache path C:/Users/Tina Plavius/AppData/Local/UnrealEngine/Common/DerivedDataCache: Writable
[2015.05.21-18.24.56:287][  0]LogInit: Selected Device Profile: [Windows]
[2015.05.21-18.24.56:293][  0]ImportText (ComponentSweepMultiTests): Missing closing parenthesis: (RootShapeAsset="/Engine/BasicShapes/Cube.Cube",ShapeType="TriggerCapsule",HitResult=(Time=0.50,Location=(X=-100.000015,Y=0.0,Z=100.000015),ImpactPoint=(X=-50.0,Y=0.0,Z=50.0),Normal=(X=-1.0,Y=-0.0,Z=0.0),ImpactNormal=(X=0.0,Y=0.0,Z=1.0),TraceStart=(X=-200.0,Y=0.0,Z=200.0),TraceEnd=(X=0.0,Y=0.0,Z=0.0))
[2015.05.21-18.24.56:293][  0]ImportText (LineTraceSingleByChannelTests): Missing closing parenthesis: (RootShapeAsset="/Engine/BasicShapes/Cube.Cube",HitResult=(Time=0.50,Location=(X=-100.000015,Y=0.0,Z=100.000015),ImpactPoint=(X=-50.0,Y=0.0,Z=50.0),Normal=(X=-1.0,Y=-0.0,Z=0.0),ImpactNormal=(X=0.0,Y=0.0,Z=1.0),TraceStart=(X=-200.0,Y=0.0,Z=200.0),TraceEnd=(X=0.0,Y=0.0,Z=0.0))
[2015.05.21-18.24.56:309][  0]LogMeshUtilities: No automatic mesh reduction module available
[2015.05.21-18.24.56:309][  0]LogMeshUtilities: No automatic mesh merging module available
[2015.05.21-18.24.56:581][  0]LogInit: WinSock: version 1.1 (2.2), MaxSocks=32767, MaxUdp=65467
[2015.05.21-18.24.57:189][  0]UdpMessaging: Initializing bridge on interface 0.0.0.0:0 to multicast group 230.0.0.1:6666.
[2015.05.21-18.24.57:328][  0]SourceControl: Info Source control is disabled
[2015.05.21-18.24.57:333][  0]SourceControl: Info Source control is disabled
[2015.05.21-18.24.57:339][  0]SourceControl: Info Source control is disabled
[2015.05.21-18.24.57:345][  0]SourceControl: Info Source control is disabled
[2015.05.21-18.24.57:510][  0]LogObj: 26119 objects as part of root set at end of initial load.
[2015.05.21-18.24.57:510][  0]LogUObjectAllocator: 5327488 out of 0 bytes used by permanent object pool.
[2015.05.21-18.24.57:564][  0]LogEngine: Initializing Engine...
[2015.05.21-18.24.57:565][  0]LogHMD: Can't find Oculus library dev build: is proper Runtime installed? Version: 0.6.0.0
[2015.05.21-18.24.57:566][  0]LogHMD:Warning: SteamVR failed to initialize.  Error: 109
[2015.05.21-18.24.57:665][  0]LogAIModule: Creating AISystem for world NewWorld
[2015.05.21-18.24.57:671][  0]LogInit: XAudio2 using 'Lautsprecher (Realtek High Definition Audio)' : 2 channels at 48 kHz using 32 bits per sample (channel mask 0x3)
[2015.05.21-18.24.57:679][  0]LogInit: FAudioDevice initialized.
[2015.05.21-18.24.57:700][  0]LogDerivedDataCache: Saved boot cache 0.02s 52MB C:/Users/Tina Plavius/AppData/Local/UnrealEngine/4.8/DerivedDataCache/Boot.ddc.
[2015.05.21-18.24.57:704][  0]LogInit: Texture streaming: Disabled
[2015.05.21-18.24.57:747][  0]LogAnalytics: Creating configured Analytics provider AnalyticsET
[2015.05.21-18.24.57:748][  0]LogAnalytics: [UEEditor.Rocket.Release] APIServer = http://et2.epicgames.com/ET2/. AppVersion = 4.8.0-2554075+++depot+UE4-Releases+4.8
[2015.05.21-18.24.57:748][  0]LogAnalytics: [UEEditor.Rocket.Release] SetUserId 4c93af1c4753a41a15a194aecff4b726|af2bf208dcdd4c00aeb2c32150495343|60aec012-d062-4fd2-bf5c-42dcf3918f53
[2015.05.21-18.24.57:748][  0]LogAnalytics: [UEEditor.Rocket.Release] AnalyticsET::StartSession
[2015.05.21-18.24.57:763][  0]LogInit: Transaction tracking system initialized
[2015.05.21-18.24.57:883][  0]BlueprintLog: New page: Editor Load
[2015.05.21-18.24.57:912][  0]LogAssetRegistry: FAssetRegistry took 0.0100 seconds to start up
[2015.05.21-18.24.57:912][  0]LogDirectoryWatcher:Warning: Failed to begin reading directory changes for ../../../Engine/Plugins/Experimental/CharacterAI/Content/. Error: 0
[2015.05.21-18.24.58:343][  0]LogConsoleManager:Warning: Console variable 'r.VSync' wasn't set ('GameSetting' has a lower priority than 'SystemSettingsIni')
[2015.05.21-18.24.58:343][  0]LogConsoleResponse:Display: 
[2015.05.21-18.24.58:421][  0]LogCook:Display: Done creating registry. It took  0.00s.
[2015.05.21-18.24.58:549][  0]SourceControl: Info Source control is disabled
[2015.05.21-18.24.58:549][  0]Cmd: MAP LOAD FILE="../../../../../../../Studium/3DProjekt/3DGame/3DGame/Soulglitch/Content/TopDownBP/Maps/TopDownExampleMap.umap" TEMPLATE=0 SHOWPROGRESS=1 FEATURELEVEL=3
[2015.05.21-18.24.58:549][  0]LightingResults: New page: Lighting Build
[2015.05.21-18.24.58:558][  0]MapCheck: New page: Map Check
[2015.05.21-18.24.58:558][  0]LightingResults: New page: Lighting Build
[2015.05.21-18.24.58:565][  0]LogParticles: Destroying 0 GPU particle simulations for FXSystem 0x00000000163F9800
[2015.05.21-18.24.58:897][  0]LogBlueprint:Warning: Generic delegate signature ref (InputTouchHandlerDynamicSignature__DelegateSignature). Explicitly setting it to: '/Script/Engine.InputTouchHandlerDynamicSignature__DelegateSignature'. Make sure this is correct (there could be multiple native delegate types with this name)?
[2015.05.21-18.24.58:898][  0]LogBlueprint:Warning: Generic delegate signature ref (InputTouchHandlerDynamicSignature__DelegateSignature). Explicitly setting it to: '/Script/Engine.InputTouchHandlerDynamicSignature__DelegateSignature'. Make sure this is correct (there could be multiple native delegate types with this name)?
[2015.05.21-18.24.58:898][  0]LogBlueprint:Warning: Generic delegate signature ref (InputActionHandlerDynamicSignature__DelegateSignature). Explicitly setting it to: '/Script/Engine.InputActionHandlerDynamicSignature__DelegateSignature'. Make sure this is correct (there could be multiple native delegate types with this name)?
[2015.05.21-18.24.58:898][  0]LogBlueprint:Warning: Generic delegate signature ref (InputActionHandlerDynamicSignature__DelegateSignature). Explicitly setting it to: '/Script/Engine.InputActionHandlerDynamicSignature__DelegateSignature'. Make sure this is correct (there could be multiple native delegate types with this name)?
[2015.05.21-18.24.58:925][  0]LogBlueprint:Warning: Generic delegate signature ref (InputTouchHandlerDynamicSignature__DelegateSignature). Explicitly setting it to: '/Script/Engine.InputTouchHandlerDynamicSignature__DelegateSignature'. Make sure this is correct (there could be multiple native delegate types with this name)?
[2015.05.21-18.24.58:925][  0]LogBlueprint:Warning: Generic delegate signature ref (InputTouchHandlerDynamicSignature__DelegateSignature). Explicitly setting it to: '/Script/Engine.InputTouchHandlerDynamicSignature__DelegateSignature'. Make sure this is correct (there could be multiple native delegate types with this name)?
[2015.05.21-18.24.58:925][  0]LogBlueprint:Warning: Generic delegate signature ref (InputActionHandlerDynamicSignature__DelegateSignature). Explicitly setting it to: '/Script/Engine.InputActionHandlerDynamicSignature__DelegateSignature'. Make sure this is correct (there could be multiple native delegate types with this name)?
[2015.05.21-18.24.58:925][  0]LogBlueprint:Warning: Generic delegate signature ref (InputActionHandlerDynamicSignature__DelegateSignature). Explicitly setting it to: '/Script/Engine.InputActionHandlerDynamicSignature__DelegateSignature'. Make sure this is correct (there could be multiple native delegate types with this name)?
[2015.05.21-18.24.59:223][  0]LogAIModule: Creating AISystem for world TopDownExampleMap
[2015.05.21-18.24.59:230][  0]LogEditorServer: Finished looking for orphan Actors (0.000 secs)
[2015.05.21-18.24.59:231][  0]Cmd: MAP CHECKDEP NOCLEARLOG
[2015.05.21-18.24.59:261][  0]MapCheck: Info Map check complete: 0 Error(s), 0 Warning(s), took 29.831ms to complete.
[2015.05.21-18.24.59:261][  0]LogFileHelpers: Loading map 'TopDownExampleMap' took 0.712
[2015.05.21-18.24.59:338][  0]LogCollectionManager: Loaded 0 collections in 0.001370 seconds
[2015.05.21-18.24.59:343][  0]LogContentBrowser: Native class hierarchy populated in 0.0051 seconds. Added 1792 classes and 301 folders.
[2015.05.21-18.24.59:375][  0]LogContentBrowser: Native class hierarchy updated for 'WidgetCarousel' in 0.0004 seconds. Added 0 classes and 0 folders.
[2015.05.21-18.24.59:397][  0]LogContentBrowser: Native class hierarchy updated for 'AddContentDialog' in 0.0002 seconds. Added 0 classes and 0 folders.
[2015.05.21-18.24.59:430][  0]LogContentBrowser: Native class hierarchy updated for 'SceneOutliner' in 0.0004 seconds. Added 1 classes and 2 folders.
[2015.05.21-18.24.59:454][  0]LogCrashTracker: Crashtracker disabled due to settings.
[2015.05.21-18.24.59:457][  0]LogUObjectGlobals:Warning: Failed to find object 'Class None.'
[2015.05.21-18.24.59:477][  0]LogLoad: Full Startup: 5.59 seconds (BP compile: 0.19 seconds)
[2015.05.21-18.24.59:860][  0]LogContentStreaming: Texture pool size is 0.000000MB
[2015.05.21-18.24.59:877][  0]LogContentStreaming: Texture pool size now 1000 MB
[2015.05.21-18.25.00:041][  0]LogRenderer: Reallocating scene render targets to support 1112x928 (Frame:2).
[2015.05.21-18.25.01:494][  5]LogAssetRegistry: Asset discovery search completed in 3.5922 seconds
[2015.05.21-18.27.36:261][514]Cmd: EDIT COPY
[2015.05.21-18.28.15:225][223]Cmd: EDIT COPY
[2015.05.21-18.28.16:442][369]Cmd: EDIT COPY
[2015.05.21-18.28.20:532][625]Cmd: EDIT COPY
[2015.05.21-18.28.50:422][757]Cmd: EDIT PASTE
[2015.05.21-18.28.51:647][904]Cmd: EDIT PASTE
[2015.05.21-18.28.57:025][ 80]Cmd: EDIT PASTE
[2015.05.21-18.28.57:984][195]Cmd: EDIT PASTE
[2015.05.21-18.29.58:453][382]LogAIModule: Creating AISystem for world Untitled_1
[2015.05.21-18.30.01:926][382]Cmd: MAP LOAD FILE="../../../../../../../Studium/3DProjekt/3DGame/3DGame/Soulglitch/Saved/Untitled_1.umap" TEMPLATE=0 SHOWPROGRESS=1 FEATURELEVEL=3
[2015.05.21-18.30.01:926][382]LightingResults: New page: Lighting Build
[2015.05.21-18.30.01:939][382]LoadErrors: New page: Loading map: Untitled_1.umap
[2015.05.21-18.30.01:939][382]MapCheck: New page: Map Check
[2015.05.21-18.30.01:939][382]LightingResults: New page: Lighting Build
[2015.05.21-18.30.01:946][382]LogParticles: Destroying 0 GPU particle simulations for FXSystem 0x000000000E0F3380
[2015.05.21-18.30.02:002][382]LogAIModule: Creating AISystem for world Untitled_1
[2015.05.21-18.30.02:005][382]LogEditorServer: Finished looking for orphan Actors (0.000 secs)
[2015.05.21-18.30.02:029][382]Cmd: MAP CHECKDEP NOCLEARLOG
[2015.05.21-18.30.02:055][382]MapCheck: Info Map check complete: 0 Error(s), 0 Warning(s), took 25.867ms to complete.
[2015.05.21-18.30.02:055][382]LogFileHelpers: Loading map 'Untitled_1' took 0.130
[2015.05.21-18.30.26:121][231]LogPlayLevel: PIE:  No blueprints needed recompiling
[2015.05.21-18.30.26:122][231]PIE: New page: PIE session: Untitled_1 (May 21, 2015, 10:30:26 PM)
[2015.05.21-18.30.26:122][231]LogPlayLevel: Creating play world package: /Temp/UEDPIE_0_Untitled_1
[2015.05.21-18.30.26:129][231]LogPlayLevel: PIE: StaticDuplicateObject took: (0.006429s)
[2015.05.21-18.30.26:129][231]LogAIModule: Creating AISystem for world Untitled_1
[2015.05.21-18.30.26:129][231]LogPlayLevel: PIE: World Init took: (0.000720s)
[2015.05.21-18.30.26:130][231]LogPlayLevel: PIE: Created PIE world by copying editor world from /Temp/Untitled_1.Untitled_1 to /Temp/UEDPIE_0_Untitled_1.Untitled_1 (0.007318s)
[2015.05.21-18.30.26:130][231]LogActorComponent: UnregisterComponent: (/Engine/Transient.CharMoveComp) Not registered. Aborting.
[2015.05.21-18.30.26:177][231]LogInit: XAudio2 using 'Lautsprecher (Realtek High Definition Audio)' : 2 channels at 48 kHz using 32 bits per sample (channel mask 0x3)
[2015.05.21-18.30.26:183][231]LogInit: FAudioDevice initialized.
[2015.05.21-18.30.26:225][231]LogWorld: Game class is 'TopDownGameMode_C'
[2015.05.21-18.30.26:230][231]LogWorld: Bringing World /Temp/UEDPIE_0_Untitled_1.Untitled_1 up for play (max tick rate 0) at 2015.05.21-20.30.26
[2015.05.21-18.30.26:230][231]LogActor:Warning: GameSession /Temp/UEDPIE_0_Untitled_1.Untitled_1:PersistentLevel.GameSession_0 has natively added scene component(s), but none of them were set as the actor's RootComponent - picking one arbitrarily
[2015.05.21-18.30.26:230][231]LogActor:Warning: GameNetworkManager /Temp/UEDPIE_0_Untitled_1.Untitled_1:PersistentLevel.GameNetworkManager_0 has natively added scene component(s), but none of them were set as the actor's RootComponent - picking one arbitrarily
[2015.05.21-18.30.26:240][231]LogWorld: Bringing up level for play took: 0.013825
[2015.05.21-18.30.26:243][231]PIE: Info Play in editor start time for /Temp/UEDPIE_0_Untitled_1 0.403
[2015.05.21-18.30.32:760][  4]LogParticles: Destroying 0 GPU particle simulations for FXSystem 0x0000000003F0A5C0
[2015.05.21-18.31.02:697][331]LogEditorViewport: Clicking on Actor (LMB): SpotLight (SpotLight2)
[2015.05.21-18.31.05:863][705]Cmd: DELETE
[2015.05.21-18.31.05:863][705]Cmd: ACTOR DELETE
[2015.05.21-18.31.05:863][705]LogEditorActor: Deleted Actor: SpotLight
[2015.05.21-18.31.05:864][705]LogActorComponent: UnregisterComponent: (/Engine/Transient.CharMoveComp) Not registered. Aborting.
[2015.05.21-18.31.05:877][705]LogEditorActor: Deleted 1 Actors (0.015 secs)
[2015.05.21-18.31.07:074][849]LogEditorViewport: Clicking on Actor (LMB): BP_Sky_Sphere_C (Sky Sphere)
[2015.05.21-18.31.07:490][897]LogEditorViewport: Clicking on Actor (LMB): SpotLight (SpotLight3)
[2015.05.21-18.31.07:840][937]Cmd: DELETE
[2015.05.21-18.31.07:840][937]Cmd: ACTOR DELETE
[2015.05.21-18.31.07:840][937]LogEditorActor: Deleted Actor: SpotLight
[2015.05.21-18.31.07:853][937]LogEditorActor: Deleted 1 Actors (0.013 secs)
[2015.05.21-18.31.08:684][ 37]LogEditorViewport: Clicking on Actor (LMB): BP_Sky_Sphere_C (Sky Sphere)
[2015.05.21-18.31.09:066][ 81]LogEditorViewport: Clicking on Actor (LMB): SpotLight (SpotLight4)
[2015.05.21-18.31.11:491][369]LogEditorViewport: Clicking on Actor (LMB): SpotLight (SpotLight)
[2015.05.21-18.31.14:228][694]LogEditorViewport: Clicking on Actor (LMB): BP_Sky_Sphere_C (Sky Sphere)
[2015.05.21-18.31.16:232][932]Cmd: TRANSACTION UNDO
[2015.05.21-18.31.16:232][932]LogEditorTransaction: Undo Clicking on Actors
[2015.05.21-18.31.16:585][962]Cmd: TRANSACTION UNDO
[2015.05.21-18.31.16:585][962]LogEditorTransaction: Undo Move Actors
[2015.05.21-18.31.16:942][994]Cmd: TRANSACTION UNDO
[2015.05.21-18.31.16:942][994]LogEditorTransaction: Undo Clicking on Actors
[2015.05.21-18.31.17:251][ 29]Cmd: TRANSACTION UNDO
[2015.05.21-18.31.17:251][ 29]LogEditorTransaction: Undo Move Actors
[2015.05.21-18.31.17:507][ 59]Cmd: TRANSACTION UNDO
[2015.05.21-18.31.17:507][ 59]LogEditorTransaction: Undo Clicking on Actors
[2015.05.21-18.31.17:820][ 95]Cmd: TRANSACTION UNDO
[2015.05.21-18.31.17:820][ 95]LogEditorTransaction: Undo Clicking on Actors
[2015.05.21-18.31.18:129][132]Cmd: TRANSACTION UNDO
[2015.05.21-18.31.18:129][132]LogEditorTransaction: Undo Delete Actors
[2015.05.21-18.31.18:506][174]Cmd: TRANSACTION UNDO
[2015.05.21-18.31.18:506][174]LogEditorTransaction: Undo Clicking on Actors
[2015.05.21-18.31.18:844][213]Cmd: TRANSACTION UNDO
[2015.05.21-18.31.18:844][213]LogEditorTransaction: Undo Clicking on Actors
[2015.05.21-18.31.19:195][255]Cmd: TRANSACTION UNDO
[2015.05.21-18.31.19:195][255]LogEditorTransaction: Undo Delete Actors
[2015.05.21-18.31.19:806][326]LogEditorViewport: Clicking on Actor (LMB): BP_Sky_Sphere_C (Sky Sphere)
[2015.05.21-18.31.29:268][456]Cmd: OBJ SAVEPACKAGE PACKAGE="/Temp/Untitled_1" FILE="../../../../../../../Studium/3DProjekt/3DGame/3DGame/Soulglitch/Saved/Untitled_1.umap" SILENT=true AUTOSAVING=false KEEPDIRTY=false
[2015.05.21-18.31.29:323][456]LogSavePackage: Save=40.162518ms
[2015.05.21-18.31.29:323][456]LogSavePackage: Moving '../../../../../../../Studium/3DProjekt/3DGame/3DGame/Soulglitch/Saved/Untitled_1DF37408947EFFA937E3C3CAD19EB16F7.tmp' to '../../../../../../../Studium/3DProjekt/3DGame/3DGame/Soulglitch/Saved/Untitled_1.umap'
[2015.05.21-18.31.30:247][565]LogEditorViewport: Clicking on Actor (LMB): BP_Sky_Sphere_C (Sky Sphere)
[2015.05.21-18.31.31:164][645]Cmd: QUIT_EDITOR
[2015.05.21-18.31.31:318][645]LogExit: Preparing to exit.
[2015.05.21-18.31.32:264][645]LogExit: Editor shut down
[2015.05.21-18.31.32:264][645]LogExit: Transaction tracking system shut down
[2015.05.21-18.31.32:265][645]LogParticles: Destroying 0 GPU particle simulations for FXSystem 0x000000001008AB60
[2015.05.21-18.31.32:266][645]LogParticles: Destroying 0 GPU particle simulations for FXSystem 0x000000000F65D580
[2015.05.21-18.31.32:266][645]LogParticles: Destroying 0 GPU particle simulations for FXSystem 0x0000000020A2E700
[2015.05.21-18.31.32:266][645]LogParticles: Destroying 0 GPU particle simulations for FXSystem 0x000000001B32CC20
[2015.05.21-18.31.32:266][645]LogParticles: Destroying 0 GPU particle simulations for FXSystem 0x00000000208E02C0
[2015.05.21-18.31.32:266][645]LogParticles: Destroying 0 GPU particle simulations for FXSystem 0x000000000E3D9580
[2015.05.21-18.31.32:266][645]LogParticles: Destroying 0 GPU particle simulations for FXSystem 0x000000001B32E2A0
[2015.05.21-18.31.32:266][645]LogParticles: Destroying 0 GPU particle simulations for FXSystem 0x000000001B32CFE0
[2015.05.21-18.31.32:266][645]LogParticles: Destroying 0 GPU particle simulations for FXSystem 0x000000000F65CD60
[2015.05.21-18.31.32:378][645]LogExit: Object subsystem successfully closed.
[2015.05.21-18.31.32:439][645]LogModuleManager: Shutting down and abandoning module CrashTracker (188)
[2015.05.21-18.31.32:439][645]LogModuleManager: Shutting down and abandoning module SceneOutliner (187)
[2015.05.21-18.31.32:439][645]LogModuleManager: Shutting down and abandoning module SuperSearch (186)
[2015.05.21-18.31.32:439][645]LogModuleManager: Shutting down and abandoning module WidgetCarousel (185)
[2015.05.21-18.31.32:440][645]LogModuleManager: Shutting down and abandoning module AddContentDialog (184)
[2015.05.21-18.31.32:440][645]LogModuleManager: Shutting down and abandoning module EditorWidgets (183)
[2015.05.21-18.31.32:440][645]LogModuleManager: Shutting down and abandoning module CollectionManager (182)
[2015.05.21-18.31.32:440][645]LogModuleManager: Shutting down and abandoning module StatsViewer (181)
[2015.05.21-18.31.32:440][645]LogModuleManager: Shutting down and abandoning module FoliageEdit (180)
[2015.05.21-18.31.32:440][645]LogModuleManager: Shutting down and abandoning module LandscapeEditor (179)
[2015.05.21-18.31.32:440][645]LogModuleManager: Shutting down and abandoning module ActorPickerMode (178)
[2015.05.21-18.31.32:440][645]LogModuleManager: Shutting down and abandoning module GeometryMode (177)
[2015.05.21-18.31.32:440][645]LogModuleManager: Shutting down and abandoning module TextureAlignMode (176)
[2015.05.21-18.31.32:440][645]LogModuleManager: Shutting down and abandoning module BspMode (175)
[2015.05.21-18.31.32:440][645]LogModuleManager: Shutting down and abandoning module PlacementMode (174)
[2015.05.21-18.31.32:440][645]LogModuleManager: Shutting down and abandoning module AutomationWorker (173)
[2015.05.21-18.31.32:440][645]LogModuleManager: Shutting down and abandoning module CharacterAI (172)
[2015.05.21-18.31.32:440][645]LogModuleManager: Shutting down and abandoning module SmartSnapping (171)
[2015.05.21-18.31.32:440][645]LogModuleManager: Shutting down and abandoning module ViewportSnapping (170)
[2015.05.21-18.31.32:440][645]LogModuleManager: Shutting down and abandoning module LogVisualizer (169)
[2015.05.21-18.31.32:440][645]LogModuleManager: Shutting down and abandoning module GameProjectGeneration (168)
[2015.05.21-18.31.32:440][645]LogModuleManager: Shutting down and abandoning module IntroTutorials (167)
[2015.05.21-18.31.32:440][645]LogModuleManager: Shutting down and abandoning module EditorLiveStreaming (166)
[2015.05.21-18.31.32:440][645]LogModuleManager: Shutting down and abandoning module IOSPlatformEditor (165)
[2015.05.21-18.31.32:440][645]LogModuleManager: Shutting down and abandoning module HTML5PlatformEditor (164)
[2015.05.21-18.31.32:440][645]LogModuleManager: Shutting down and abandoning module AndroidDeviceDetection (163)
[2015.05.21-18.31.33:266][645]LogModuleManager: Shutting down and abandoning module AndroidPlatformEditor (162)
[2015.05.21-18.31.33:266][645]LogModuleManager: Shutting down and abandoning module IOSRuntimeSettings (161)
[2015.05.21-18.31.33:266][645]LogModuleManager: Shutting down and abandoning module AndroidRuntimeSettings (160)
[2015.05.21-18.31.33:266][645]LogModuleManager: Shutting down and abandoning module MergeActors (159)
[2015.05.21-18.31.33:266][645]LogModuleManager: Shutting down and abandoning module SizeMap (158)
[2015.05.21-18.31.33:266][645]LogModuleManager: Shutting down and abandoning module TreeMap (157)
[2015.05.21-18.31.33:266][645]LogModuleManager: Shutting down and abandoning module ReferenceViewer (156)
[2015.05.21-18.31.33:266][645]LogModuleManager: Shutting down and abandoning module LocalizationDashboard (155)
[2015.05.21-18.31.33:266][645]LogModuleManager: Shutting down and abandoning module HardwareTargeting (154)
[2015.05.21-18.31.33:266][645]LogModuleManager: Shutting down and abandoning module DeviceProfileEditor (153)
[2015.05.21-18.31.33:266][645]LogModuleManager: Shutting down and abandoning module UndoHistory (152)
[2015.05.21-18.31.33:266][645]LogModuleManager: Shutting down and abandoning module GameplayTagsEditor (151)
[2015.05.21-18.31.33:266][645]LogModuleManager: Shutting down and abandoning module UserFeedback (150)
[2015.05.21-18.31.33:266][645]LogModuleManager: Shutting down and abandoning module XmlParser (149)
[2015.05.21-18.31.33:266][645]LogModuleManager: Shutting down and abandoning module Blutility (148)
[2015.05.21-18.31.33:266][645]LogModuleManager: Shutting down and abandoning module ProjectTargetPlatformEditor (147)
[2015.05.21-18.31.33:266][645]LogModuleManager: Shutting down and abandoning module ProjectSettingsViewer (146)
[2015.05.21-18.31.33:266][645]LogModuleManager: Shutting down and abandoning module InputBindingEditor (145)
[2015.05.21-18.31.33:267][645]LogModuleManager: Shutting down and abandoning module EditorSettingsViewer (144)
[2015.05.21-18.31.33:267][645]LogModuleManager: Shutting down and abandoning module SettingsEditor (143)
[2015.05.21-18.31.33:267][645]LogModuleManager: Shutting down and abandoning module ProjectLauncher (142)
[2015.05.21-18.31.33:267][645]LogModuleManager: Shutting down and abandoning module SessionFrontend (141)
[2015.05.21-18.31.33:267][645]LogModuleManager: Shutting down and abandoning module ProfilerClient (140)
[2015.05.21-18.31.33:267][645]LogModuleManager: Shutting down and abandoning module TargetDeviceServices (139)
[2015.05.21-18.31.33:267][645]LogModuleManager: Shutting down and abandoning module DeviceManager (138)
[2015.05.21-18.31.33:267][645]LogModuleManager: Shutting down and abandoning module AutomationController (137)
[2015.05.21-18.31.33:267][645]LogModuleManager: Shutting down and abandoning module AutomationWindow (136)
[2015.05.21-18.31.33:267][645]LogModuleManager: Shutting down and abandoning module Layers (135)
[2015.05.21-18.31.33:267][645]LogModuleManager: Shutting down and abandoning module ComponentVisualizers (134)
[2015.05.21-18.31.33:267][645]LogModuleManager: Shutting down and abandoning module DetailCustomizations (133)
[2015.05.21-18.31.33:267][645]LogModuleManager: Shutting down and abandoning module PackagesDialog (132)
[2015.05.21-18.31.33:267][645]LogModuleManager: Shutting down and abandoning module AssetRegistry (131)
[2015.05.21-18.31.33:321][645]LogModuleManager: Shutting down and abandoning module Persona (130)
[2015.05.21-18.31.33:321][645]LogModuleManager: Shutting down and abandoning module SlateReflector (129)
[2015.05.21-18.31.33:321][645]LogModuleManager: Shutting down and abandoning module LevelEditor (128)
[2015.05.21-18.31.33:322][645]LogModuleManager: Shutting down and abandoning module Kismet (127)
[2015.05.21-18.31.33:322][645]LogModuleManager: Shutting down and abandoning module GraphEditor (126)
[2015.05.21-18.31.33:322][645]LogModuleManager: Shutting down and abandoning module ClassViewer (125)
[2015.05.21-18.31.33:322][645]LogModuleManager: Shutting down and abandoning module Toolbox (124)
[2015.05.21-18.31.33:322][645]LogModuleManager: Shutting down and abandoning module ModuleUI (123)
[2015.05.21-18.31.33:322][645]LogModuleManager: Shutting down and abandoning module MovieSceneTools (122)
[2015.05.21-18.31.33:322][645]LogModuleManager: Shutting down and abandoning module OutputLog (121)
[2015.05.21-18.31.33:322][645]LogModuleManager: Shutting down and abandoning module GammaUI (120)
[2015.05.21-18.31.33:322][645]LogModuleManager: Shutting down and abandoning module Documentation (119)
[2015.05.21-18.31.33:322][645]LogModuleManager: Shutting down and abandoning module GameLiveStreaming (118)
[2015.05.21-18.31.33:322][645]LogModuleManager: Shutting down and abandoning module StreamingPauseRendering (117)
[2015.05.21-18.31.33:322][645]LogModuleManager: Shutting down and abandoning module AnalyticsET (116)
[2015.05.21-18.31.33:322][645]LogModuleManager: Shutting down and abandoning module Analytics (115)
[2015.05.21-18.31.33:322][645]LogModuleManager: Shutting down and abandoning module AITestSuite (114)
[2015.05.21-18.31.33:322][645]LogModuleManager: Shutting down and abandoning module GameplayDebugger (113)
[2015.05.21-18.31.33:322][645]LogModuleManager: Shutting down and abandoning module AIModule (112)
[2015.05.21-18.31.33:322][645]LogModuleManager: Shutting down and abandoning module ProfilerService (111)
[2015.05.21-18.31.33:554][645]LogModuleManager: Shutting down and abandoning module TaskGraph (110)
[2015.05.21-18.31.33:554][645]LogModuleManager: Shutting down and abandoning module SlateRemote (109)
[2015.05.21-18.31.33:554][645]LogModuleManager: Shutting down and abandoning module SteamVRController (108)
[2015.05.21-18.31.33:554][645]LogModuleManager: Shutting down and abandoning module SteamVR (107)
[2015.05.21-18.31.33:554][645]LogModuleManager: Shutting down and abandoning module ProceduralMeshComponent (106)
[2015.05.21-18.31.33:554][645]LogModuleManager: Shutting down and abandoning module OculusRift (105)
[2015.05.21-18.31.33:554][645]LogModuleManager: Shutting down and abandoning module LeapMotionController (104)
[2015.05.21-18.31.33:583][645]LogModuleManager: Shutting down and abandoning module CustomMeshComponent (103)
[2015.05.21-18.31.33:583][645]LogModuleManager: Shutting down and abandoning module CableComponent (102)
[2015.05.21-18.31.33:583][645]LogModuleManager: Shutting down and abandoning module MessagingDebugger (101)
[2015.05.21-18.31.33:583][645]LogModuleManager: Shutting down and abandoning module MediaPlayerEditor (100)
[2015.05.21-18.31.33:583][645]LogModuleManager: Shutting down and abandoning module SpeedTreeImporter (99)
[2015.05.21-18.31.33:583][645]LogModuleManager: Shutting down and abandoning module PluginBrowser (98)
[2015.05.21-18.31.33:583][645]LogModuleManager: Shutting down and abandoning module MainFrame (97)
[2015.05.21-18.31.33:583][645]LogModuleManager: Shutting down and abandoning module EpicSurvey (96)
[2015.05.21-18.31.33:583][645]LogModuleManager: Shutting down and abandoning module DesktopPlatform (95)
[2015.05.21-18.31.33:583][645]LogModuleManager: Shutting down and abandoning module DirectoryWatcher (94)
[2015.05.21-18.31.33:584][645]LogModuleManager: Shutting down and abandoning module HotReload (93)
[2015.05.21-18.31.33:584][645]LogModuleManager: Shutting down and abandoning module VisualStudioSourceCodeAccess (92)
[2015.05.21-18.31.33:584][645]LogModuleManager: Shutting down and abandoning module UObjectPlugin (91)
[2015.05.21-18.31.33:584][645]LogModuleManager: Shutting down and abandoning module SubversionSourceControl (90)
[2015.05.21-18.31.33:584][645]LogModuleManager: Shutting down and abandoning module PerforceSourceControl (89)
[2015.05.21-18.31.33:584][645]LogModuleManager: Shutting down and abandoning module SourceControl (88)
[2015.05.21-18.31.33:584][645]LogModuleManager: Shutting down and abandoning module GitSourceControl (87)
[2015.05.21-18.31.33:584][645]LogModuleManager: Shutting down and abandoning module BlankPlugin (86)
[2015.05.21-18.31.33:584][645]LogModuleManager: Shutting down and abandoning module PaperTiledImporter (85)
[2015.05.21-18.31.33:584][645]LogModuleManager: Shutting down and abandoning module PaperSpriteSheetImporter (84)
[2015.05.21-18.31.33:584][645]LogModuleManager: Shutting down and abandoning module MeshPaint (83)
[2015.05.21-18.31.33:584][645]LogModuleManager: Shutting down and abandoning module ContentBrowser (82)
[2015.05.21-18.31.33:585][645]LogModuleManager: Shutting down and abandoning module Paper2DEditor (81)
[2015.05.21-18.31.33:585][645]LogModuleManager: Shutting down and abandoning module UdpMessaging (80)
[2015.05.21-18.31.33:685][645]LogModuleManager: Shutting down and abandoning module Paper2D (79)
[2015.05.21-18.31.33:685][645]LogModuleManager: Shutting down and abandoning module WindowsMoviePlayer (78)
[2015.05.21-18.31.33:691][645]LogModuleManager: Shutting down and abandoning module Media (77)
[2015.05.21-18.31.33:691][645]LogModuleManager: Shutting down and abandoning module WmfMedia (76)
[2015.05.21-18.31.33:691][645]LogModuleManager: Shutting down and abandoning module OnlineBlueprintSupport (75)
[2015.05.21-18.31.33:691][645]LogModuleManager: Shutting down and abandoning module PropertyEditor (74)
[2015.05.21-18.31.33:691][645]LogModuleManager: Shutting down and abandoning module BehaviorTreeEditor (73)
[2015.05.21-18.31.33:691][645]LogModuleManager: Shutting down and abandoning module FunctionalTesting (72)
[2015.05.21-18.31.33:691][645]LogModuleManager: Shutting down and abandoning module CollisionAnalyzer (71)
[2015.05.21-18.31.33:691][645]LogModuleManager: Shutting down and abandoning module WorkspaceMenuStructure (70)
[2015.05.21-18.31.33:692][645]LogModuleManager: Shutting down and abandoning module MessageLog (69)
[2015.05.21-18.31.33:692][645]LogModuleManager: Shutting down and abandoning module Sequencer (68)
[2015.05.21-18.31.33:692][645]LogModuleManager: Shutting down and abandoning module AssetTools (67)
[2015.05.21-18.31.33:692][645]LogModuleManager: Shutting down and abandoning module UMGEditor (66)
[2015.05.21-18.31.33:692][645]LogModuleManager: Shutting down and abandoning module UMG (65)
[2015.05.21-18.31.33:692][645]LogModuleManager: Shutting down and abandoning module Slate (64)
[2015.05.21-18.31.33:692][645]LogModuleManager: Shutting down and abandoning module EditorStyle (63)
[2015.05.21-18.31.33:697][645]LogModuleManager: Shutting down and abandoning module SessionServices (62)
[2015.05.21-18.31.33:697][645]LogModuleManager: Shutting down and abandoning module SourceCodeAccess (61)
[2015.05.21-18.31.33:697][645]LogModuleManager: Shutting down and abandoning module HeadMountedDisplay (60)
[2015.05.21-18.31.33:697][645]LogModuleManager: Shutting down and abandoning module XAudio2 (59)
[2015.05.21-18.31.33:697][645]LogModuleManager: Shutting down and abandoning module Networking (57)
[2015.05.21-18.31.33:697][645]LogModuleManager: Shutting down and abandoning module Core (56)
[2015.05.21-18.31.33:697][645]LogModuleManager: Shutting down and abandoning module KismetCompiler (55)
[2015.05.21-18.31.33:697][645]LogModuleManager: Shutting down and abandoning module PhysXFormats (54)
[2015.05.21-18.31.33:697][645]LogModuleManager: Shutting down and abandoning module MeshUtilities (53)
[2015.05.21-18.31.33:697][645]LogModuleManager: Shutting down and abandoning module DerivedDataCache (52)
[2015.05.21-18.31.33:734][645]LogDerivedDataCache: Shutdown
[2015.05.21-18.31.33:734][645]LogModuleManager: Shutting down and abandoning module ShaderFormatOpenGL (51)
[2015.05.21-18.31.33:734][645]LogModuleManager: Shutting down and abandoning module ShaderFormatD3D (50)
[2015.05.21-18.31.33:734][645]LogModuleManager: Shutting down and abandoning module MetalShaderFormat (49)
[2015.05.21-18.31.33:734][645]LogModuleManager: Shutting down and abandoning module TextureFormatUncompressed (48)
[2015.05.21-18.31.33:734][645]LogModuleManager: Shutting down and abandoning module TextureFormatPVR (47)
[2015.05.21-18.31.33:734][645]LogModuleManager: Shutting down and abandoning module TextureFormatIntelISPCTexComp (46)
[2015.05.21-18.31.33:734][645]LogModuleManager: Shutting down and abandoning module TextureFormatDXT (45)
[2015.05.21-18.31.33:734][645]LogModuleManager: Shutting down and abandoning module ImageWrapper (44)
[2015.05.21-18.31.33:734][645]LogModuleManager: Shutting down and abandoning module TextureFormatASTC (43)
[2015.05.21-18.31.33:734][645]LogModuleManager: Shutting down and abandoning module TextureFormatAndroid (42)
[2015.05.21-18.31.33:734][645]LogModuleManager: Shutting down and abandoning module AudioFormatOpus (41)
[2015.05.21-18.31.33:734][645]LogModuleManager: Shutting down and abandoning module AudioFormatOgg (40)
[2015.05.21-18.31.33:734][645]LogModuleManager: Shutting down and abandoning module AudioFormatADPCM (39)
[2015.05.21-18.31.33:734][645]LogModuleManager: Shutting down and abandoning module LinuxTargetPlatform (38)
[2015.05.21-18.31.33:734][645]LogModuleManager: Shutting down and abandoning module LinuxServerTargetPlatform (37)
[2015.05.21-18.31.33:734][645]LogModuleManager: Shutting down and abandoning module LinuxNoEditorTargetPlatform (36)
[2015.05.21-18.31.33:734][645]LogModuleManager: Shutting down and abandoning module Messaging (35)
[2015.05.21-18.31.33:734][645]LogModuleManager: Shutting down and abandoning module IOSTargetPlatform (34)
[2015.05.21-18.31.33:734][645]LogModuleManager: Shutting down and abandoning module HTML5TargetPlatform (33)
[2015.05.21-18.31.33:734][645]LogModuleManager: Shutting down and abandoning module Android_PVRTCTargetPlatform (32)
[2015.05.21-18.31.33:734][645]LogModuleManager: Shutting down and abandoning module Android_ETC2TargetPlatform (31)
[2015.05.21-18.31.33:734][645]LogModuleManager: Shutting down and abandoning module Android_ETC1TargetPlatform (30)
[2015.05.21-18.31.33:734][645]LogModuleManager: Shutting down and abandoning module Android_DXTTargetPlatform (29)
[2015.05.21-18.31.33:734][645]LogModuleManager: Shutting down and abandoning module Android_ATCTargetPlatform (28)
[2015.05.21-18.31.33:734][645]LogModuleManager: Shutting down and abandoning module Android_ASTCTargetPlatform (27)
[2015.05.21-18.31.33:734][645]LogModuleManager: Shutting down and abandoning module AndroidTargetPlatform (26)
[2015.05.21-18.31.33:734][645]LogModuleManager: Shutting down and abandoning module WindowsTargetPlatform (25)
[2015.05.21-18.31.33:734][645]LogModuleManager: Shutting down and abandoning module WindowsServerTargetPlatform (24)
[2015.05.21-18.31.33:734][645]LogModuleManager: Shutting down and abandoning module WindowsNoEditorTargetPlatform (23)
[2015.05.21-18.31.33:734][645]LogModuleManager: Shutting down and abandoning module WindowsClientTargetPlatform (22)
[2015.05.21-18.31.33:734][645]LogModuleManager: Shutting down and abandoning module DesktopTargetPlatform (21)
[2015.05.21-18.31.33:735][645]LogModuleManager: Shutting down and abandoning module TargetPlatform (20)
[2015.05.21-18.31.33:735][645]LogModuleManager: Shutting down and abandoning module InputCore (19)
[2015.05.21-18.31.33:735][645]LogModuleManager: Shutting down and abandoning module Settings (18)
[2015.05.21-18.31.33:735][645]LogModuleManager: Shutting down and abandoning module OnlineSubsystem (16)
[2015.05.21-18.31.33:735][645]LogModuleManager: Shutting down and abandoning module HTTP (15)
[2015.05.21-18.31.33:735][645]LogModuleManager: Shutting down and abandoning module ExampleDeviceProfileSelector (14)
[2015.05.21-18.31.33:735][645]LogModuleManager: Shutting down and abandoning module TextureCompressor (13)
[2015.05.21-18.31.33:735][645]LogModuleManager: Shutting down and abandoning module ShaderCore (12)
[2015.05.21-18.31.33:735][645]LogModuleManager: Shutting down and abandoning module Landscape (11)
[2015.05.21-18.31.33:735][645]LogModuleManager: Shutting down and abandoning module SlateRHIRenderer (10)
[2015.05.21-18.31.33:738][645]LogModuleManager: Shutting down and abandoning module OpenGLDrv (9)
[2015.05.21-18.31.33:738][645]LogModuleManager: Shutting down and abandoning module D3D11RHI (8)
[2015.05.21-18.31.33:738][645]LogModuleManager: Shutting down and abandoning module Renderer (7)
[2015.05.21-18.31.33:738][645]LogModuleManager: Shutting down and abandoning module Engine (6)
[2015.05.21-18.31.33:738][645]LogModuleManager: Shutting down and abandoning module CoreUObject (5)
[2015.05.21-18.31.33:738][645]LogModuleManager: Shutting down and abandoning module NetworkFile (4)
[2015.05.21-18.31.33:738][645]LogModuleManager: Shutting down and abandoning module StreamingFile (3)
[2015.05.21-18.31.33:738][645]LogModuleManager: Shutting down and abandoning module SandboxFile (2)
[2015.05.21-18.31.33:738][645]LogModuleManager: Shutting down and abandoning module PakFile (1)
[2015.05.21-18.31.33:739][645]LogExit: Exiting.
[2015.05.21-18.31.33:741][645]Log file closed, 05/21/15 20:31:33
